TN:
SF:src/config/database-config.js
FN:8,(anonymous_0)
FN:14,(anonymous_1)
FN:74,(anonymous_2)
FN:123,(anonymous_3)
FN:168,(anonymous_4)
FN:185,(anonymous_5)
FN:215,(anonymous_6)
FN:232,(anonymous_7)
FN:236,(anonymous_8)
FN:238,(anonymous_9)
FN:241,(anonymous_10)
FN:243,(anonymous_11)
FN:246,(anonymous_12)
FN:248,(anonymous_13)
FN:255,(anonymous_14)
FN:274,(anonymous_15)
FN:288,(anonymous_16)
FN:302,(anonymous_17)
FN:317,(anonymous_18)
FN:326,(anonymous_19)
FNF:20
FNH:0
FNDA:0,(anonymous_0)
FNDA:0,(anonymous_1)
FNDA:0,(anonymous_2)
FNDA:0,(anonymous_3)
FNDA:0,(anonymous_4)
FNDA:0,(anonymous_5)
FNDA:0,(anonymous_6)
FNDA:0,(anonymous_7)
FNDA:0,(anonymous_8)
FNDA:0,(anonymous_9)
FNDA:0,(anonymous_10)
FNDA:0,(anonymous_11)
FNDA:0,(anonymous_12)
FNDA:0,(anonymous_13)
FNDA:0,(anonymous_14)
FNDA:0,(anonymous_15)
FNDA:0,(anonymous_16)
FNDA:0,(anonymous_17)
FNDA:0,(anonymous_18)
FNDA:0,(anonymous_19)
DA:9,0
DA:10,0
DA:11,0
DA:15,0
DA:74,0
DA:123,0
DA:169,0
DA:170,0
DA:171,0
DA:175,0
DA:186,0
DA:189,0
DA:190,0
DA:191,0
DA:192,0
DA:196,0
DA:197,0
DA:198,0
DA:202,0
DA:203,0
DA:204,0
DA:205,0
DA:208,0
DA:216,0
DA:218,0
DA:220,0
DA:222,0
DA:224,0
DA:226,0
DA:228,0
DA:233,0
DA:237,0
DA:238,0
DA:242,0
DA:243,0
DA:247,0
DA:248,0
DA:256,0
DA:258,0
DA:260,0
DA:264,0
DA:266,0
DA:275,0
DA:289,0
DA:303,0
DA:304,0
DA:307,0
DA:308,0
DA:310,0
DA:318,0
DA:327,0
DA:334,0
LF:52
LH:0
BRDA:9,0,0,0
BRDA:9,0,1,0
BRDA:10,1,0,0
BRDA:10,1,1,0
BRDA:19,2,0,0
BRDA:19,2,1,0
BRDA:37,3,0,0
BRDA:37,3,1,0
BRDA:38,4,0,0
BRDA:38,4,1,0
BRDA:39,5,0,0
BRDA:39,5,1,0
BRDA:40,6,0,0
BRDA:40,6,1,0
BRDA:41,7,0,0
BRDA:41,7,1,0
BRDA:41,7,2,0
BRDA:49,8,0,0
BRDA:49,8,1,0
BRDA:50,9,0,0
BRDA:50,9,1,0
BRDA:51,10,0,0
BRDA:51,10,1,0
BRDA:52,11,0,0
BRDA:52,11,1,0
BRDA:53,12,0,0
BRDA:53,12,1,0
BRDA:68,13,0,0
BRDA:68,13,1,0
BRDA:73,14,0,0
BRDA:73,14,1,0
BRDA:76,15,0,0
BRDA:76,15,1,0
BRDA:87,16,0,0
BRDA:87,16,1,0
BRDA:88,17,0,0
BRDA:88,17,1,0
BRDA:89,18,0,0
BRDA:89,18,1,0
BRDA:90,19,0,0
BRDA:90,19,1,0
BRDA:91,20,0,0
BRDA:91,20,1,0
BRDA:91,20,2,0
BRDA:96,21,0,0
BRDA:96,21,1,0
BRDA:101,22,0,0
BRDA:101,22,1,0
BRDA:102,23,0,0
BRDA:102,23,1,0
BRDA:103,24,0,0
BRDA:103,24,1,0
BRDA:104,25,0,0
BRDA:104,25,1,0
BRDA:105,26,0,0
BRDA:105,26,1,0
BRDA:117,27,0,0
BRDA:117,27,1,0
BRDA:122,28,0,0
BRDA:122,28,1,0
BRDA:125,29,0,0
BRDA:125,29,1,0
BRDA:137,30,0,0
BRDA:137,30,1,0
BRDA:140,31,0,0
BRDA:140,31,1,0
BRDA:145,32,0,0
BRDA:145,32,1,0
BRDA:149,33,0,0
BRDA:149,33,1,0
BRDA:150,34,0,0
BRDA:150,34,1,0
BRDA:151,35,0,0
BRDA:151,35,1,0
BRDA:152,36,0,0
BRDA:152,36,1,0
BRDA:153,37,0,0
BRDA:153,37,1,0
BRDA:170,38,0,0
BRDA:170,38,1,0
BRDA:189,39,0,0
BRDA:189,39,1,0
BRDA:196,40,0,0
BRDA:196,40,1,0
BRDA:202,41,0,0
BRDA:202,41,1,0
BRDA:218,42,0,0
BRDA:218,42,1,0
BRDA:218,42,2,0
BRDA:218,42,3,0
BRDA:218,42,4,0
BRDA:258,43,0,0
BRDA:258,43,1,0
BRDA:258,43,2,0
BRDA:258,43,3,0
BRDA:258,43,4,0
BRDA:303,44,0,0
BRDA:303,44,1,0
BRDA:334,45,0,0
BRDA:334,45,1,0
BRF:100
BRH:0
end_of_record
TN:
SF:src/config/database.js
FN:4,(anonymous_0)
FN:26,(anonymous_1)
FN:46,(anonymous_2)
FN:67,(anonymous_3)
FN:88,(anonymous_4)
FN:98,(anonymous_5)
FN:108,(anonymous_6)
FN:121,(anonymous_7)
FN:142,(anonymous_8)
FN:147,(anonymous_9)
FN:152,(anonymous_10)
FN:160,(anonymous_11)
FN:177,(anonymous_12)
FN:194,(anonymous_13)
FN:205,(anonymous_14)
FN:213,(anonymous_15)
FN:221,(anonymous_16)
FN:226,(anonymous_17)
FN:232,(anonymous_18)
FN:233,(anonymous_19)
FN:243,(anonymous_20)
FN:253,(anonymous_21)
FN:266,(anonymous_22)
FN:267,(anonymous_23)
FN:272,(anonymous_24)
FN:277,(anonymous_25)
FN:285,(anonymous_26)
FN:292,(anonymous_27)
FN:299,(anonymous_28)
FN:306,(anonymous_29)
FN:313,(anonymous_30)
FNF:31
FNH:0
FNDA:0,(anonymous_0)
FNDA:0,(anonymous_1)
FNDA:0,(anonymous_2)
FNDA:0,(anonymous_3)
FNDA:0,(anonymous_4)
FNDA:0,(anonymous_5)
FNDA:0,(anonymous_6)
FNDA:0,(anonymous_7)
FNDA:0,(anonymous_8)
FNDA:0,(anonymous_9)
FNDA:0,(anonymous_10)
FNDA:0,(anonymous_11)
FNDA:0,(anonymous_12)
FNDA:0,(anonymous_13)
FNDA:0,(anonymous_14)
FNDA:0,(anonymous_15)
FNDA:0,(anonymous_16)
FNDA:0,(anonymous_17)
FNDA:0,(anonymous_18)
FNDA:0,(anonymous_19)
FNDA:0,(anonymous_20)
FNDA:0,(anonymous_21)
FNDA:0,(anonymous_22)
FNDA:0,(anonymous_23)
FNDA:0,(anonymous_24)
FNDA:0,(anonymous_25)
FNDA:0,(anonymous_26)
FNDA:0,(anonymous_27)
FNDA:0,(anonymous_28)
FNDA:0,(anonymous_29)
FNDA:0,(anonymous_30)
DA:1,0
DA:5,0
DA:27,0
DA:29,0
DA:32,0
DA:34,0
DA:36,0
DA:38,0
DA:40,0
DA:42,0
DA:47,0
DA:48,0
DA:49,0
DA:51,0
DA:57,0
DA:58,0
DA:59,0
DA:61,0
DA:63,0
DA:68,0
DA:69,0
DA:71,0
DA:73,0
DA:75,0
DA:88,0
DA:89,0
DA:90,0
DA:91,0
DA:92,0
DA:94,0
DA:98,0
DA:99,0
DA:100,0
DA:101,0
DA:102,0
DA:104,0
DA:108,0
DA:109,0
DA:110,0
DA:111,0
DA:112,0
DA:114,0
DA:118,0
DA:122,0
DA:123,0
DA:125,0
DA:127,0
DA:129,0
DA:142,0
DA:143,0
DA:144,0
DA:147,0
DA:148,0
DA:149,0
DA:152,0
DA:153,0
DA:154,0
DA:157,0
DA:161,0
DA:163,0
DA:174,0
DA:178,0
DA:180,0
DA:191,0
DA:195,0
DA:197,0
DA:201,0
DA:202,0
DA:205,0
DA:206,0
DA:210,0
DA:213,0
DA:214,0
DA:218,0
DA:221,0
DA:222,0
DA:226,0
DA:229,0
DA:233,0
DA:234,0
DA:235,0
DA:236,0
DA:237,0
DA:239,0
DA:243,0
DA:244,0
DA:245,0
DA:246,0
DA:247,0
DA:249,0
DA:253,0
DA:254,0
DA:255,0
DA:256,0
DA:257,0
DA:259,0
DA:263,0
DA:267,0
DA:268,0
DA:269,0
DA:272,0
DA:273,0
DA:274,0
DA:277,0
DA:278,0
DA:279,0
DA:282,0
DA:286,0
DA:292,0
DA:299,0
DA:306,0
DA:313,0
DA:317,0
DA:321,0
LF:114
LH:0
BRDA:6,0,0,0
BRDA:6,0,1,0
BRDA:7,1,0,0
BRDA:7,1,1,0
BRDA:8,2,0,0
BRDA:8,2,1,0
BRDA:9,3,0,0
BRDA:9,3,1,0
BRDA:10,4,0,0
BRDA:10,4,1,0
BRDA:11,5,0,0
BRDA:11,5,1,0
BRDA:14,6,0,0
BRDA:14,6,1,0
BRDA:16,7,0,0
BRDA:16,7,1,0
BRDA:19,8,0,0
BRDA:19,8,1,0
BRDA:20,9,0,0
BRDA:20,9,1,0
BRDA:21,10,0,0
BRDA:21,10,1,0
BRDA:27,11,0,0
BRDA:27,11,1,0
BRDA:27,11,2,0
BRDA:27,11,3,0
BRDA:27,11,4,0
BRDA:27,11,5,0
BRDA:27,11,6,0
BRDA:27,11,7,0
BRDA:88,12,0,0
BRDA:98,13,0,0
BRDA:108,14,0,0
BRDA:142,15,0,0
BRDA:147,16,0,0
BRDA:152,17,0,0
BRDA:198,18,0,0
BRDA:198,18,1,0
BRDA:205,19,0,0
BRDA:213,20,0,0
BRDA:218,21,0,0
BRDA:218,21,1,0
BRDA:221,22,0,0
BRDA:233,23,0,0
BRDA:243,24,0,0
BRDA:253,25,0,0
BRDA:267,26,0,0
BRDA:272,27,0,0
BRDA:277,28,0,0
BRDA:317,29,0,0
BRDA:317,29,1,0
BRF:51
BRH:0
end_of_record
TN:
SF:src/database/flexible-init.js
FN:17,initializeDatabase
FN:82,getDatabase
FN:94,getDatabaseProvider
FN:106,getPasswordService
FN:118,getDatabaseService
FN:127,switchDatabaseProvider
FN:147,getDatabaseHealth
FN:180,closeDatabaseConnections
FN:197,(anonymous_8)
FN:207,(anonymous_9)
FN:227,(anonymous_10)
FN:247,(anonymous_11)
FN:255,(anonymous_12)
FN:264,(anonymous_13)
FN:273,(anonymous_14)
FN:289,(anonymous_15)
FN:295,(anonymous_16)
FNF:17
FNH:0
FNDA:0,initializeDatabase
FNDA:0,getDatabase
FNDA:0,getDatabaseProvider
FNDA:0,getPasswordService
FNDA:0,getDatabaseService
FNDA:0,switchDatabaseProvider
FNDA:0,getDatabaseHealth
FNDA:0,closeDatabaseConnections
FNDA:0,(anonymous_8)
FNDA:0,(anonymous_9)
FNDA:0,(anonymous_10)
FNDA:0,(anonymous_11)
FNDA:0,(anonymous_12)
FNDA:0,(anonymous_13)
FNDA:0,(anonymous_14)
FNDA:0,(anonymous_15)
FNDA:0,(anonymous_16)
DA:10,0
DA:11,0
DA:18,0
DA:19,0
DA:22,0
DA:25,0
DA:28,0
DA:31,0
DA:32,0
DA:33,0
DA:35,0
DA:38,0
DA:40,0
DA:43,0
DA:44,0
DA:54,0
DA:55,0
DA:57,0
DA:59,0
DA:60,0
DA:61,0
DA:63,0
DA:64,0
DA:67,0
DA:68,0
DA:73,0
DA:74,0
DA:83,0
DA:84,0
DA:87,0
DA:95,0
DA:96,0
DA:99,0
DA:107,0
DA:108,0
DA:111,0
DA:119,0
DA:128,0
DA:129,0
DA:132,0
DA:134,0
DA:135,0
DA:136,0
DA:138,0
DA:139,0
DA:148,0
DA:149,0
DA:156,0
DA:157,0
DA:159,0
DA:167,0
DA:181,0
DA:182,0
DA:183,0
DA:184,0
DA:187,0
DA:193,0
DA:198,0
DA:199,0
DA:200,0
DA:208,0
DA:211,0
DA:212,0
DA:216,0
DA:217,0
DA:220,0
DA:228,0
DA:230,0
DA:242,0
DA:248,0
DA:256,0
DA:265,0
DA:274,0
DA:276,0
DA:277,0
DA:279,0
DA:281,0
DA:282,0
DA:289,0
DA:290,0
DA:291,0
DA:292,0
DA:295,0
DA:296,0
DA:297,0
DA:298,0
LF:86
LH:0
BRDA:47,0,0,0
BRDA:47,0,1,0
BRDA:48,1,0,0
BRDA:48,1,1,0
BRDA:49,2,0,0
BRDA:49,2,1,0
BRDA:50,3,0,0
BRDA:50,3,1,0
BRDA:54,4,0,0
BRDA:54,4,1,0
BRDA:54,5,0,0
BRDA:54,5,1,0
BRDA:83,6,0,0
BRDA:83,6,1,0
BRDA:83,7,0,0
BRDA:83,7,1,0
BRDA:95,8,0,0
BRDA:95,8,1,0
BRDA:107,9,0,0
BRDA:107,9,1,0
BRDA:128,10,0,0
BRDA:128,10,1,0
BRDA:148,11,0,0
BRDA:148,11,1,0
BRDA:181,12,0,0
BRDA:181,12,1,0
BRDA:208,13,0,0
BRDA:208,13,1,0
BRDA:211,14,0,0
BRDA:211,14,1,0
BRDA:211,15,0,0
BRDA:211,15,1,0
BRDA:216,16,0,0
BRDA:216,16,1,0
BRDA:216,17,0,0
BRDA:216,17,1,0
BRDA:232,18,0,0
BRDA:232,18,1,0
BRDA:233,19,0,0
BRDA:233,19,1,0
BRDA:234,20,0,0
BRDA:234,20,1,0
BRDA:248,21,0,0
BRDA:248,21,1,0
BRDA:256,22,0,0
BRDA:256,22,1,0
BRDA:265,23,0,0
BRDA:265,23,1,0
BRDA:274,24,0,0
BRDA:274,24,1,0
BRF:50
BRH:0
end_of_record
TN:
SF:src/database/init.js
FN:12,initializeDatabase
FN:32,getDatabase
FN:43,createTables
FN:142,initializeDefaultData
FNF:4
FNH:0
FNDA:0,initializeDatabase
FNDA:0,getDatabase
FNDA:0,createTables
FNDA:0,initializeDefaultData
DA:7,0
DA:8,0
DA:13,0
DA:16,0
DA:17,0
DA:18,0
DA:21,0
DA:24,0
DA:27,0
DA:29,0
DA:33,0
DA:34,0
DA:37,0
DA:38,0
DA:39,0
DA:40,0
DA:45,0
DA:62,0
DA:72,0
DA:86,0
DA:111,0
DA:112,0
DA:117,0
DA:118,0
DA:124,0
DA:133,0
DA:134,0
DA:135,0
DA:136,0
DA:137,0
DA:138,0
DA:139,0
DA:144,0
DA:171,0
DA:172,0
DA:179,0
DA:180,0
DA:182,0
DA:188,0
DA:219,0
DA:220,0
DA:227,0
DA:241,0
LF:43
LH:0
BRDA:17,0,0,0
BRDA:17,0,1,0
BRDA:33,1,0,0
BRDA:33,1,1,0
BRF:4
BRH:0
end_of_record
TN:
SF:src/database/migrate-to-cloudsql.js
FN:15,(anonymous_0)
FN:24,(anonymous_1)
FN:56,(anonymous_2)
FN:78,(anonymous_3)
FN:111,(anonymous_4)
FN:123,(anonymous_5)
FN:134,(anonymous_6)
FN:202,(anonymous_7)
FN:207,(anonymous_8)
FN:213,(anonymous_9)
FN:214,(anonymous_10)
FN:218,(anonymous_11)
FN:235,(anonymous_12)
FN:264,(anonymous_13)
FN:315,(anonymous_14)
FN:329,(anonymous_15)
FN:362,(anonymous_16)
FN:370,(anonymous_17)
FN:371,(anonymous_18)
FN:372,(anonymous_19)
FN:386,(anonymous_20)
FN:403,(anonymous_21)
FN:414,runMigration
FNF:23
FNH:0
FNDA:0,(anonymous_0)
FNDA:0,(anonymous_1)
FNDA:0,(anonymous_2)
FNDA:0,(anonymous_3)
FNDA:0,(anonymous_4)
FNDA:0,(anonymous_5)
FNDA:0,(anonymous_6)
FNDA:0,(anonymous_7)
FNDA:0,(anonymous_8)
FNDA:0,(anonymous_9)
FNDA:0,(anonymous_10)
FNDA:0,(anonymous_11)
FNDA:0,(anonymous_12)
FNDA:0,(anonymous_13)
FNDA:0,(anonymous_14)
FNDA:0,(anonymous_15)
FNDA:0,(anonymous_16)
FNDA:0,(anonymous_17)
FNDA:0,(anonymous_18)
FNDA:0,(anonymous_19)
FNDA:0,(anonymous_20)
FNDA:0,(anonymous_21)
FNDA:0,runMigration
DA:11,0
DA:12,0
DA:16,0
DA:17,0
DA:18,0
DA:25,0
DA:27,0
DA:29,0
DA:32,0
DA:35,0
DA:38,0
DA:41,0
DA:43,0
DA:46,0
DA:47,0
DA:49,0
DA:57,0
DA:60,0
DA:62,0
DA:63,0
DA:66,0
DA:68,0
DA:69,0
DA:71,0
DA:72,0
DA:79,0
DA:82,0
DA:84,0
DA:85,0
DA:86,0
DA:90,0
DA:91,0
DA:93,0
DA:97,0
DA:98,0
DA:103,0
DA:112,0
DA:114,0
DA:123,0
DA:125,0
DA:126,0
DA:135,0
DA:137,0
DA:139,0
DA:143,0
DA:144,0
DA:145,0
DA:151,0
DA:154,0
DA:157,0
DA:160,0
DA:161,0
DA:163,0
DA:164,0
DA:165,0
DA:166,0
DA:167,0
DA:171,0
DA:175,0
DA:182,0
DA:185,0
DA:186,0
DA:193,0
DA:203,0
DA:205,0
DA:206,0
DA:207,0
DA:209,0
DA:213,0
DA:214,0
DA:217,0
DA:218,0
DA:220,0
DA:221,0
DA:223,0
DA:224,0
DA:227,0
DA:236,0
DA:238,0
DA:239,0
DA:240,0
DA:241,0
DA:245,0
DA:248,0
DA:249,0
DA:250,0
DA:254,0
DA:266,0
DA:267,0
DA:271,0
DA:272,0
DA:273,0
DA:275,0
DA:276,0
DA:278,0
DA:282,0
DA:283,0
DA:284,0
DA:286,0
DA:287,0
DA:289,0
DA:293,0
DA:294,0
DA:295,0
DA:296,0
DA:297,0
DA:299,0
DA:302,0
DA:303,0
DA:307,0
DA:316,0
DA:323,0
DA:330,0
DA:332,0
DA:334,0
DA:335,0
DA:336,0
DA:337,0
DA:338,0
DA:340,0
DA:341,0
DA:345,0
DA:346,0
DA:350,0
DA:353,0
DA:354,0
DA:356,0
DA:363,0
DA:370,0
DA:371,0
DA:372,0
DA:376,0
DA:377,0
DA:379,0
DA:380,0
DA:387,0
DA:389,0
DA:390,0
DA:393,0
DA:394,0
DA:406,0
DA:407,0
DA:415,0
DA:417,0
DA:418,0
DA:419,0
DA:421,0
DA:422,0
DA:430,0
DA:431,0
LF:150
LH:0
BRDA:90,0,0,0
BRDA:90,0,1,0
BRDA:97,1,0,0
BRDA:97,1,1,0
BRDA:143,2,0,0
BRDA:143,2,1,0
BRDA:179,3,0,0
BRDA:179,3,1,0
BRDA:203,4,0,0
BRDA:203,4,1,0
BRDA:248,5,0,0
BRDA:248,5,1,0
BRDA:249,6,0,0
BRDA:249,6,1,0
BRDA:250,7,0,0
BRDA:250,7,1,0
BRDA:266,8,0,0
BRDA:266,8,1,0
BRDA:266,9,0,0
BRDA:266,9,1,0
BRDA:271,10,0,0
BRDA:271,10,1,0
BRDA:271,11,0,0
BRDA:271,11,1,0
BRDA:271,11,2,0
BRDA:272,12,0,0
BRDA:272,12,1,0
BRDA:275,13,0,0
BRDA:275,13,1,0
BRDA:276,14,0,0
BRDA:276,14,1,0
BRDA:282,15,0,0
BRDA:282,15,1,0
BRDA:282,16,0,0
BRDA:282,16,1,0
BRDA:282,16,2,0
BRDA:283,17,0,0
BRDA:283,17,1,0
BRDA:283,18,0,0
BRDA:283,18,1,0
BRDA:286,19,0,0
BRDA:286,19,1,0
BRDA:293,20,0,0
BRDA:293,20,1,0
BRDA:293,21,0,0
BRDA:293,21,1,0
BRDA:293,21,2,0
BRDA:294,22,0,0
BRDA:294,22,1,0
BRDA:302,23,0,0
BRDA:302,23,1,0
BRDA:323,24,0,0
BRDA:323,24,1,0
BRDA:335,25,0,0
BRDA:335,25,1,0
BRDA:337,26,0,0
BRDA:337,26,1,0
BRDA:340,27,0,0
BRDA:340,27,1,0
BRDA:345,28,0,0
BRDA:345,28,1,0
BRDA:389,29,0,0
BRDA:389,29,1,0
BRDA:393,30,0,0
BRDA:393,30,1,0
BRDA:430,31,0,0
BRDA:430,31,1,0
BRF:67
BRH:0
end_of_record
TN:
SF:src/database/migrationRunner.js
FN:17,createMigrationsTable
FN:50,getAppliedMigrations
FN:62,(anonymous_2)
FN:72,markMigrationApplied
FN:92,getAllMigrationFiles
FN:96,(anonymous_5)
FN:110,executeMigration
FN:126,(anonymous_7)
FN:127,(anonymous_8)
FN:160,(anonymous_9)
FN:161,(anonymous_10)
FN:191,runAllMigrations
FN:206,(anonymous_12)
FNF:13
FNH:0
FNDA:0,createMigrationsTable
FNDA:0,getAppliedMigrations
FNDA:0,(anonymous_2)
FNDA:0,markMigrationApplied
FNDA:0,getAllMigrationFiles
FNDA:0,(anonymous_5)
FNDA:0,executeMigration
FNDA:0,(anonymous_7)
FNDA:0,(anonymous_8)
FNDA:0,(anonymous_9)
FNDA:0,(anonymous_10)
FNDA:0,runAllMigrations
FNDA:0,(anonymous_12)
DA:11,0
DA:12,0
DA:18,0
DA:19,0
DA:21,0
DA:22,0
DA:23,0
DA:32,0
DA:40,0
DA:42,0
DA:43,0
DA:51,0
DA:52,0
DA:54,0
DA:56,0
DA:57,0
DA:59,0
DA:60,0
DA:62,0
DA:64,0
DA:65,0
DA:73,0
DA:74,0
DA:76,0
DA:77,0
DA:78,0
DA:80,0
DA:82,0
DA:84,0
DA:85,0
DA:93,0
DA:94,0
DA:95,0
DA:96,0
DA:99,0
DA:100,0
DA:102,0
DA:103,0
DA:111,0
DA:112,0
DA:114,0
DA:115,0
DA:118,0
DA:119,0
DA:122,0
DA:124,0
DA:126,0
DA:127,0
DA:129,0
DA:130,0
DA:132,0
DA:135,0
DA:136,0
DA:137,0
DA:139,0
DA:142,0
DA:144,0
DA:145,0
DA:151,0
DA:152,0
DA:153,0
DA:156,0
DA:158,0
DA:160,0
DA:161,0
DA:163,0
DA:164,0
DA:165,0
DA:166,0
DA:168,0
DA:170,0
DA:172,0
DA:173,0
DA:180,0
DA:181,0
DA:183,0
DA:184,0
DA:192,0
DA:193,0
DA:196,0
DA:199,0
DA:200,0
DA:203,0
DA:206,0
DA:208,0
DA:209,0
DA:210,0
DA:213,0
DA:216,0
DA:217,0
DA:218,0
DA:219,0
DA:221,0
DA:222,0
DA:226,0
DA:227,0
DA:229,0
DA:230,0
DA:237,0
DA:238,0
DA:239,0
LF:101
LH:0
BRDA:22,0,0,0
BRDA:22,0,1,0
BRDA:56,1,0,0
BRDA:56,1,1,0
BRDA:77,2,0,0
BRDA:77,2,1,0
BRDA:122,3,0,0
BRDA:122,3,1,0
BRDA:122,4,0,0
BRDA:122,4,1,0
BRDA:127,5,0,0
BRDA:127,5,1,0
BRDA:130,6,0,0
BRDA:130,6,1,0
BRDA:130,7,0,0
BRDA:130,7,1,0
BRDA:139,8,0,0
BRDA:139,8,1,0
BRDA:139,9,0,0
BRDA:139,9,1,0
BRDA:139,9,2,0
BRDA:161,10,0,0
BRDA:161,10,1,0
BRDA:168,11,0,0
BRDA:168,11,1,0
BRDA:168,12,0,0
BRDA:168,12,1,0
BRDA:208,13,0,0
BRDA:208,13,1,0
BRDA:237,14,0,0
BRDA:237,14,1,0
BRF:31
BRH:0
end_of_record
TN:
SF:src/database/runMigration.js
FN:14,runAIProviderMigration
FN:37,(anonymous_1)
FN:38,(anonymous_2)
FNF:3
FNH:0
FNDA:0,runAIProviderMigration
FNDA:0,(anonymous_1)
FNDA:0,(anonymous_2)
DA:11,0
DA:12,0
DA:15,0
DA:16,0
DA:18,0
DA:21,0
DA:27,0
DA:29,0
DA:30,0
DA:33,0
DA:35,0
DA:37,0
DA:38,0
DA:40,0
DA:41,0
DA:42,0
DA:43,0
DA:45,0
DA:47,0
DA:48,0
DA:51,0
DA:57,0
DA:58,0
DA:60,0
DA:61,0
DA:66,0
DA:67,0
DA:68,0
LF:28
LH:0
BRDA:38,0,0,0
BRDA:38,0,1,0
BRDA:45,1,0,0
BRDA:45,1,1,0
BRDA:45,2,0,0
BRDA:45,2,1,0
BRDA:66,3,0,0
BRDA:66,3,1,0
BRF:8
BRH:0
end_of_record
TN:
SF:src/middleware/auth.js
FN:4,(anonymous_0)
FN:50,(anonymous_1)
FN:118,(anonymous_2)
FN:119,(anonymous_3)
FN:127,(anonymous_4)
FN:128,(anonymous_5)
FNF:6
FNH:3
FNDA:10,(anonymous_0)
FNDA:0,(anonymous_1)
FNDA:22,(anonymous_2)
FNDA:5,(anonymous_3)
FNDA:0,(anonymous_4)
FNDA:0,(anonymous_5)
DA:4,2
DA:5,10
DA:6,10
DA:7,10
DA:8,10
DA:10,10
DA:11,10
DA:13,10
DA:14,1
DA:15,1
DA:18,9
DA:19,9
DA:20,9
DA:23,9
DA:24,9
DA:25,9
DA:27,0
DA:28,0
DA:29,0
DA:31,0
DA:32,0
DA:34,0
DA:38,9
DA:39,9
DA:40,9
DA:42,0
DA:43,0
DA:47,9
DA:48,9
DA:49,9
DA:50,0
DA:51,0
DA:53,9
DA:58,9
DA:59,9
DA:60,9
DA:61,9
DA:62,9
DA:63,5
DA:65,4
DA:67,4
DA:68,4
DA:71,4
DA:72,4
DA:73,4
DA:74,1
DA:78,0
DA:79,0
DA:82,9
DA:83,4
DA:84,4
DA:88,5
DA:89,5
DA:90,5
DA:91,5
DA:92,5
DA:94,5
DA:100,5
DA:101,5
DA:102,5
DA:104,0
DA:105,0
DA:108,0
DA:109,0
DA:111,0
DA:112,0
DA:114,0
DA:118,2
DA:119,22
DA:120,5
DA:121,5
DA:123,0
DA:127,2
DA:128,0
DA:129,0
DA:130,0
DA:132,0
LF:77
LH:53
BRDA:11,0,0,9
BRDA:11,0,1,1
BRDA:13,1,0,1
BRDA:13,1,1,9
BRDA:13,2,0,10
BRDA:13,2,1,9
BRDA:28,3,0,0
BRDA:28,3,1,0
BRDA:31,4,0,0
BRDA:31,4,1,0
BRDA:62,5,0,5
BRDA:62,5,1,4
BRDA:73,6,0,1
BRDA:73,6,1,3
BRDA:82,7,0,4
BRDA:82,7,1,5
BRDA:91,8,0,0
BRDA:91,8,1,5
BRDA:91,9,0,5
BRDA:91,9,1,2
BRDA:91,9,2,0
BRDA:108,10,0,0
BRDA:108,10,1,0
BRDA:111,11,0,0
BRDA:111,11,1,0
BRDA:120,12,0,5
BRDA:120,12,1,0
BRDA:120,13,0,5
BRDA:120,13,1,5
BRDA:120,13,2,5
BRDA:129,14,0,0
BRDA:129,14,1,0
BRDA:129,15,0,0
BRDA:129,15,1,0
BRF:34
BRH:19
end_of_record
TN:
SF:src/middleware/errorHandler.js
FN:1,(anonymous_0)
FNF:1
FNH:0
FNDA:0,(anonymous_0)
DA:1,2
DA:2,0
DA:5,0
DA:6,0
DA:12,0
DA:13,0
DA:14,0
DA:19,0
DA:25,0
DA:26,0
DA:33,0
DA:34,0
DA:41,0
DA:42,0
DA:44,0
LF:15
LH:1
BRDA:5,0,0,0
BRDA:5,0,1,0
BRDA:12,1,0,0
BRDA:12,1,1,0
BRDA:13,2,0,0
BRDA:13,2,1,0
BRDA:25,3,0,0
BRDA:25,3,1,0
BRDA:33,4,0,0
BRDA:33,4,1,0
BRDA:33,5,0,0
BRDA:33,5,1,0
BRDA:41,6,0,0
BRDA:41,6,1,0
BRDA:42,7,0,0
BRDA:42,7,1,0
BRDA:46,8,0,0
BRDA:46,8,1,0
BRF:18
BRH:0
end_of_record
TN:
SF:src/middleware/validation.js
FN:35,(anonymous_0)
FN:40,(anonymous_1)
FN:46,(anonymous_2)
FN:51,(anonymous_3)
FN:57,(anonymous_4)
FN:62,(anonymous_5)
FN:68,(anonymous_6)
FN:73,(anonymous_7)
FN:79,(anonymous_8)
FNF:9
FNH:2
FNDA:0,(anonymous_0)
FNDA:0,(anonymous_1)
FNDA:0,(anonymous_2)
FNDA:0,(anonymous_3)
FNDA:0,(anonymous_4)
FNDA:0,(anonymous_5)
FNDA:2,(anonymous_6)
FNDA:0,(anonymous_7)
FNDA:4,(anonymous_8)
DA:4,2
DA:10,2
DA:18,2
DA:24,2
DA:35,2
DA:36,0
DA:37,0
DA:38,0
DA:40,0
DA:43,0
DA:46,2
DA:47,0
DA:48,0
DA:49,0
DA:51,0
DA:54,0
DA:57,2
DA:58,0
DA:59,0
DA:60,0
DA:62,0
DA:65,0
DA:68,2
DA:69,2
DA:70,2
DA:71,0
DA:73,0
DA:76,2
DA:79,2
DA:80,4
DA:81,4
DA:82,0
DA:84,4
LF:33
LH:15
BRDA:37,0,0,0
BRDA:37,0,1,0
BRDA:48,1,0,0
BRDA:48,1,1,0
BRDA:59,2,0,0
BRDA:59,2,1,0
BRDA:70,3,0,0
BRDA:70,3,1,2
BRDA:81,4,0,0
BRDA:81,4,1,4
BRDA:81,5,0,4
BRDA:81,5,1,4
BRF:12
BRH:4
end_of_record
TN:
SF:src/routes/ai.js
FN:22,(anonymous_0)
FN:102,(anonymous_1)
FN:185,(anonymous_2)
FN:250,(anonymous_3)
FN:305,(anonymous_4)
FN:320,(anonymous_5)
FN:345,(anonymous_6)
FN:370,(anonymous_7)
FN:407,(anonymous_8)
FN:431,(anonymous_9)
FN:490,(anonymous_10)
FN:495,(anonymous_11)
FN:509,(anonymous_12)
FN:545,(anonymous_13)
FN:599,(anonymous_14)
FN:627,(anonymous_15)
FN:677,getCertificateContext
FN:709,(anonymous_17)
FN:710,(anonymous_18)
FN:716,(anonymous_19)
FN:725,buildSystemPrompt
FN:765,logAIUsage
FNF:22
FNH:0
FNDA:0,(anonymous_0)
FNDA:0,(anonymous_1)
FNDA:0,(anonymous_2)
FNDA:0,(anonymous_3)
FNDA:0,(anonymous_4)
FNDA:0,(anonymous_5)
FNDA:0,(anonymous_6)
FNDA:0,(anonymous_7)
FNDA:0,(anonymous_8)
FNDA:0,(anonymous_9)
FNDA:0,(anonymous_10)
FNDA:0,(anonymous_11)
FNDA:0,(anonymous_12)
FNDA:0,(anonymous_13)
FNDA:0,(anonymous_14)
FNDA:0,(anonymous_15)
FNDA:0,getCertificateContext
FNDA:0,(anonymous_17)
FNDA:0,(anonymous_18)
FNDA:0,(anonymous_19)
FNDA:0,buildSystemPrompt
FNDA:0,logAIUsage
DA:13,2
DA:16,2
DA:22,2
DA:23,0
DA:24,0
DA:25,0
DA:27,0
DA:28,0
DA:35,0
DA:36,0
DA:39,0
DA:45,0
DA:46,0
DA:52,0
DA:58,0
DA:66,0
DA:67,0
DA:81,0
DA:88,0
DA:90,0
DA:91,0
DA:102,2
DA:103,0
DA:104,0
DA:105,0
DA:106,0
DA:108,0
DA:109,0
DA:116,0
DA:117,0
DA:128,0
DA:129,0
DA:136,0
DA:143,0
DA:151,0
DA:158,0
DA:159,0
DA:171,0
DA:173,0
DA:174,0
DA:185,2
DA:186,0
DA:187,0
DA:188,0
DA:191,0
DA:192,0
DA:199,0
DA:200,0
DA:201,0
DA:208,0
DA:209,0
DA:211,0
DA:212,0
DA:213,0
DA:219,0
DA:222,0
DA:232,0
DA:238,0
DA:239,0
DA:250,2
DA:251,0
DA:252,0
DA:253,0
DA:255,0
DA:256,0
DA:263,0
DA:266,0
DA:268,0
DA:275,0
DA:278,0
DA:279,0
DA:291,0
DA:293,0
DA:294,0
DA:305,2
DA:306,0
DA:307,0
DA:310,0
DA:313,0
DA:314,0
DA:320,0
DA:327,0
DA:334,0
DA:335,0
DA:345,2
DA:346,0
DA:347,0
DA:348,0
DA:350,0
DA:351,0
DA:357,0
DA:359,0
DA:360,0
DA:370,2
DA:371,0
DA:372,0
DA:373,0
DA:375,0
DA:376,0
DA:382,0
DA:383,0
DA:384,0
DA:385,0
DA:387,0
DA:388,0
DA:394,0
DA:396,0
DA:397,0
DA:407,2
DA:408,0
DA:409,0
DA:410,0
DA:412,0
DA:413,0
DA:418,0
DA:420,0
DA:421,0
DA:431,2
DA:432,0
DA:433,0
DA:434,0
DA:436,0
DA:437,0
DA:444,0
DA:445,0
DA:446,0
DA:449,0
DA:450,0
DA:457,0
DA:460,0
DA:466,0
DA:467,0
DA:472,0
DA:478,0
DA:479,0
DA:490,2
DA:491,0
DA:492,0
DA:494,0
DA:495,0
DA:498,0
DA:499,0
DA:509,2
DA:510,0
DA:511,0
DA:514,0
DA:517,0
DA:520,0
DA:522,0
DA:533,0
DA:534,0
DA:545,2
DA:546,0
DA:552,0
DA:553,0
DA:555,0
DA:558,0
DA:565,0
DA:566,0
DA:568,0
DA:569,0
DA:570,0
DA:571,0
DA:574,0
DA:582,0
DA:587,0
DA:588,0
DA:599,2
DA:600,0
DA:601,0
DA:602,0
DA:604,0
DA:605,0
DA:610,0
DA:615,0
DA:616,0
DA:627,2
DA:628,0
DA:629,0
DA:630,0
DA:632,0
DA:633,0
DA:649,0
DA:660,0
DA:667,0
DA:668,0
DA:678,0
DA:679,0
DA:682,0
DA:692,0
DA:698,0
DA:703,0
DA:709,0
DA:711,0
DA:712,0
DA:713,0
DA:714,0
DA:716,0
DA:720,0
DA:721,0
DA:726,0
DA:728,0
DA:733,0
DA:734,0
DA:759,0
DA:762,0
DA:766,0
DA:767,0
DA:768,0
DA:785,0
LF:210
LH:16
BRDA:24,0,0,0
BRDA:24,1,0,0
BRDA:27,2,0,0
BRDA:27,2,1,0
BRDA:27,3,0,0
BRDA:27,3,1,0
BRDA:39,4,0,0
BRDA:39,4,1,0
BRDA:66,5,0,0
BRDA:66,5,1,0
BRDA:73,6,0,0
BRDA:73,6,1,0
BRDA:108,7,0,0
BRDA:108,7,1,0
BRDA:128,8,0,0
BRDA:128,8,1,0
BRDA:153,9,0,0
BRDA:153,9,1,0
BRDA:158,10,0,0
BRDA:158,10,1,0
BRDA:191,11,0,0
BRDA:191,11,1,0
BRDA:200,12,0,0
BRDA:200,12,1,0
BRDA:209,13,0,0
BRDA:209,13,1,0
BRDA:209,13,2,0
BRDA:212,14,0,0
BRDA:212,14,1,0
BRDA:255,15,0,0
BRDA:255,15,1,0
BRDA:255,16,0,0
BRDA:255,16,1,0
BRDA:266,17,0,0
BRDA:266,17,1,0
BRDA:278,18,0,0
BRDA:278,18,1,0
BRDA:322,19,0,0
BRDA:322,19,1,0
BRDA:355,20,0,0
BRDA:355,20,1,0
BRDA:375,21,0,0
BRDA:375,21,1,0
BRDA:375,22,0,0
BRDA:375,22,1,0
BRDA:382,23,0,0
BRDA:382,23,1,0
BRDA:436,24,0,0
BRDA:436,24,1,0
BRDA:445,25,0,0
BRDA:445,25,1,0
BRDA:449,26,0,0
BRDA:449,26,1,0
BRDA:466,27,0,0
BRDA:466,27,1,0
BRDA:466,28,0,0
BRDA:466,28,1,0
BRDA:551,29,0,0
BRDA:562,30,0,0
BRDA:562,30,1,0
BRDA:566,31,0,0
BRDA:566,31,1,0
BRDA:566,32,0,0
BRDA:566,32,1,0
BRDA:568,33,0,0
BRDA:568,33,1,0
BRDA:630,34,0,0
BRDA:663,35,0,0
BRDA:663,35,1,0
BRDA:714,36,0,0
BRDA:714,36,1,0
BRDA:733,37,0,0
BRDA:733,37,1,0
BRDA:765,38,0,0
BRDA:778,39,0,0
BRDA:778,39,1,0
BRDA:779,40,0,0
BRDA:779,40,1,0
BRDA:780,41,0,0
BRDA:780,41,1,0
BRDA:781,42,0,0
BRDA:781,42,1,0
BRDA:782,43,0,0
BRDA:782,43,1,0
BRF:84
BRH:0
end_of_record
TN:
SF:src/routes/auth.js
FN:15,(anonymous_0)
FN:25,(anonymous_1)
FN:55,(anonymous_2)
FN:77,(anonymous_3)
FN:131,(anonymous_4)
FN:167,(anonymous_5)
FN:259,(anonymous_6)
FN:281,(anonymous_7)
FNF:8
FNH:0
FNDA:0,(anonymous_0)
FNDA:0,(anonymous_1)
FNDA:0,(anonymous_2)
FNDA:0,(anonymous_3)
FNDA:0,(anonymous_4)
FNDA:0,(anonymous_5)
FNDA:0,(anonymous_6)
FNDA:0,(anonymous_7)
DA:11,2
DA:15,2
DA:16,0
DA:17,0
DA:21,2
DA:26,0
DA:27,0
DA:28,0
DA:29,0
DA:30,0
DA:31,0
DA:32,0
DA:33,0
DA:35,0
DA:39,0
DA:40,0
DA:42,0
DA:43,0
DA:45,0
DA:47,0
DA:52,2
DA:55,2
DA:57,0
DA:59,0
DA:61,0
DA:62,0
DA:73,0
DA:77,2
DA:78,0
DA:79,0
DA:80,0
DA:82,0
DA:89,0
DA:90,0
DA:94,0
DA:96,0
DA:97,0
DA:101,0
DA:102,0
DA:105,0
DA:115,0
DA:126,0
DA:131,2
DA:132,0
DA:133,0
DA:134,0
DA:137,0
DA:138,0
DA:139,0
DA:142,0
DA:144,0
DA:147,0
DA:148,0
DA:149,0
DA:150,0
DA:151,0
DA:155,0
DA:158,0
DA:159,0
DA:163,0
DA:164,0
DA:165,0
DA:167,0
DA:168,0
DA:169,0
DA:171,0
DA:172,0
DA:175,0
DA:176,0
DA:179,0
DA:181,0
DA:185,0
DA:186,0
DA:191,0
DA:195,0
DA:196,0
DA:197,0
DA:198,0
DA:201,0
DA:202,0
DA:203,0
DA:204,0
DA:206,0
DA:210,0
DA:213,0
DA:214,0
DA:215,0
DA:216,0
DA:217,0
DA:218,0
DA:220,0
DA:226,0
DA:228,0
DA:229,0
DA:230,0
DA:233,0
DA:234,0
DA:240,0
DA:247,0
DA:251,0
DA:259,2
DA:261,0
DA:262,0
DA:264,0
DA:266,0
DA:267,0
DA:269,0
DA:270,0
DA:271,0
DA:276,0
DA:281,2
DA:282,0
DA:283,0
DA:284,0
DA:287,0
DA:288,0
DA:289,0
DA:293,0
DA:294,0
DA:295,0
DA:299,0
DA:302,0
DA:304,0
DA:306,0
LF:124
LH:9
BRDA:33,0,0,0
BRDA:33,0,1,0
BRDA:40,1,0,0
BRDA:40,1,1,0
BRDA:57,2,0,0
BRDA:57,2,1,0
BRDA:89,3,0,0
BRDA:89,3,1,0
BRDA:96,4,0,0
BRDA:96,4,1,0
BRDA:102,5,0,0
BRDA:102,5,1,0
BRDA:102,6,0,0
BRDA:102,6,1,0
BRDA:102,6,2,0
BRDA:137,7,0,0
BRDA:137,7,1,0
BRDA:137,8,0,0
BRDA:137,8,1,0
BRDA:137,8,2,0
BRDA:142,9,0,0
BRDA:142,9,1,0
BRDA:149,10,0,0
BRDA:149,10,1,0
BRDA:163,11,0,0
BRDA:163,11,1,0
BRDA:163,12,0,0
BRDA:163,12,1,0
BRDA:163,12,2,0
BRDA:188,13,0,0
BRDA:188,13,1,0
BRDA:195,14,0,0
BRDA:195,14,1,0
BRDA:195,15,0,0
BRDA:195,15,1,0
BRDA:197,16,0,0
BRDA:197,16,1,0
BRDA:197,17,0,0
BRDA:197,17,1,0
BRDA:203,18,0,0
BRDA:203,18,1,0
BRDA:203,19,0,0
BRDA:203,19,1,0
BRDA:213,20,0,0
BRDA:213,20,1,0
BRDA:213,21,0,0
BRDA:213,21,1,0
BRDA:213,21,2,0
BRDA:228,22,0,0
BRDA:228,22,1,0
BRDA:247,23,0,0
BRDA:247,23,1,0
BRDA:247,24,0,0
BRDA:247,24,1,0
BRDA:253,25,0,0
BRDA:253,25,1,0
BRDA:266,26,0,0
BRDA:266,26,1,0
BRDA:270,27,0,0
BRDA:270,27,1,0
BRDA:270,28,0,0
BRDA:270,28,1,0
BRDA:270,28,2,0
BRDA:288,29,0,0
BRDA:288,29,1,0
BRDA:294,30,0,0
BRDA:294,30,1,0
BRF:67
BRH:0
end_of_record
TN:
SF:src/routes/certificates.js
FN:21,(anonymous_0)
FN:32,(anonymous_1)
FN:72,(anonymous_2)
FN:96,(anonymous_3)
FN:231,(anonymous_4)
FN:263,(anonymous_5)
FN:292,(anonymous_6)
FN:339,(anonymous_7)
FNF:8
FNH:0
FNDA:0,(anonymous_0)
FNDA:0,(anonymous_1)
FNDA:0,(anonymous_2)
FNDA:0,(anonymous_3)
FNDA:0,(anonymous_4)
FNDA:0,(anonymous_5)
FNDA:0,(anonymous_6)
FNDA:0,(anonymous_7)
DA:9,2
DA:12,2
DA:16,2
DA:22,0
DA:23,0
DA:24,0
DA:26,0
DA:32,2
DA:33,0
DA:34,0
DA:35,0
DA:37,0
DA:44,0
DA:46,0
DA:47,0
DA:48,0
DA:51,0
DA:52,0
DA:53,0
DA:56,0
DA:57,0
DA:58,0
DA:59,0
DA:62,0
DA:64,0
DA:65,0
DA:67,0
DA:72,2
DA:73,0
DA:74,0
DA:75,0
DA:77,0
DA:85,0
DA:86,0
DA:89,0
DA:91,0
DA:96,2
DA:97,0
DA:98,0
DA:99,0
DA:100,0
DA:101,0
DA:108,0
DA:109,0
DA:110,0
DA:111,0
DA:112,0
DA:114,0
DA:116,0
DA:117,0
DA:118,0
DA:119,0
DA:122,0
DA:123,0
DA:124,0
DA:125,0
DA:129,0
DA:130,0
DA:131,0
DA:134,0
DA:135,0
DA:136,0
DA:139,0
DA:140,0
DA:141,0
DA:145,0
DA:146,0
DA:149,0
DA:150,0
DA:152,0
DA:156,0
DA:157,0
DA:181,0
DA:183,0
DA:184,0
DA:187,0
DA:188,0
DA:195,0
DA:196,0
DA:198,0
DA:201,0
DA:202,0
DA:204,0
DA:205,0
DA:206,0
DA:207,0
DA:208,0
DA:209,0
DA:210,0
DA:211,0
DA:212,0
DA:213,0
DA:214,0
DA:215,0
DA:216,0
DA:217,0
DA:218,0
DA:220,0
DA:223,0
DA:231,2
DA:232,0
DA:233,0
DA:234,0
DA:236,0
DA:237,0
DA:238,0
DA:243,0
DA:244,0
DA:246,0
DA:247,0
DA:250,0
DA:251,0
DA:254,0
DA:255,0
DA:256,0
DA:258,0
DA:263,2
DA:264,0
DA:265,0
DA:266,0
DA:268,0
DA:269,0
DA:270,0
DA:274,0
DA:275,0
DA:276,0
DA:278,0
DA:283,0
DA:285,0
DA:287,0
DA:292,2
DA:293,0
DA:294,0
DA:295,0
DA:297,0
DA:298,0
DA:299,0
DA:303,0
DA:304,0
DA:305,0
DA:307,0
DA:312,0
DA:313,0
DA:315,0
DA:321,0
DA:329,0
DA:334,0
DA:339,2
DA:340,0
DA:341,0
DA:342,0
DA:343,0
DA:345,0
DA:346,0
DA:347,0
DA:350,0
DA:352,0
DA:360,0
DA:362,0
LF:159
LH:10
BRDA:19,0,0,2
BRDA:19,0,1,0
BRDA:23,1,0,0
BRDA:23,1,1,0
BRDA:46,2,0,0
BRDA:46,2,1,0
BRDA:46,3,0,0
BRDA:46,3,1,0
BRDA:51,4,0,0
BRDA:51,4,1,0
BRDA:56,5,0,0
BRDA:56,5,1,0
BRDA:85,6,0,0
BRDA:85,6,1,0
BRDA:98,7,0,0
BRDA:98,7,1,0
BRDA:99,8,0,0
BRDA:99,8,1,0
BRDA:101,9,0,0
BRDA:101,9,1,0
BRDA:110,10,0,0
BRDA:110,10,1,0
BRDA:116,11,0,0
BRDA:116,11,1,0
BRDA:122,12,0,0
BRDA:122,12,1,0
BRDA:145,13,0,0
BRDA:145,13,1,0
BRDA:174,14,0,0
BRDA:174,14,1,0
BRDA:204,15,0,0
BRDA:204,15,1,0
BRDA:207,16,0,0
BRDA:207,16,1,0
BRDA:210,17,0,0
BRDA:210,17,1,0
BRDA:210,18,0,0
BRDA:210,18,1,0
BRDA:213,19,0,0
BRDA:213,19,1,0
BRDA:213,20,0,0
BRDA:213,20,1,0
BRDA:216,21,0,0
BRDA:216,21,1,0
BRDA:216,22,0,0
BRDA:216,22,1,0
BRDA:220,23,0,0
BRDA:220,23,1,0
BRDA:225,24,0,0
BRDA:225,24,1,0
BRDA:237,25,0,0
BRDA:237,25,1,0
BRDA:250,26,0,0
BRDA:250,26,1,0
BRDA:269,27,0,0
BRDA:269,27,1,0
BRDA:274,28,0,0
BRDA:274,28,1,0
BRDA:298,29,0,0
BRDA:298,29,1,0
BRDA:303,30,0,0
BRDA:303,30,1,0
BRDA:312,31,0,0
BRDA:312,31,1,0
BRDA:346,32,0,0
BRDA:346,32,1,0
BRF:66
BRH:1
end_of_record
TN:
SF:src/routes/folders.js
FN:10,(anonymous_0)
FN:48,(anonymous_1)
FN:74,(anonymous_2)
FN:138,(anonymous_3)
FN:184,(anonymous_4)
FN:218,(anonymous_5)
FN:254,(anonymous_6)
FN:321,wouldCreateCircularReference
FNF:8
FNH:0
FNDA:0,(anonymous_0)
FNDA:0,(anonymous_1)
FNDA:0,(anonymous_2)
FNDA:0,(anonymous_3)
FNDA:0,(anonymous_4)
FNDA:0,(anonymous_5)
FNDA:0,(anonymous_6)
FNDA:0,wouldCreateCircularReference
DA:7,2
DA:10,2
DA:11,0
DA:12,0
DA:13,0
DA:14,0
DA:17,0
DA:20,0
DA:22,0
DA:31,0
DA:33,0
DA:34,0
DA:35,0
DA:38,0
DA:40,0
DA:41,0
DA:43,0
DA:48,2
DA:49,0
DA:50,0
DA:51,0
DA:53,0
DA:63,0
DA:64,0
DA:67,0
DA:69,0
DA:74,2
DA:75,0
DA:76,0
DA:77,0
DA:78,0
DA:80,0
DA:83,0
DA:84,0
DA:86,0
DA:87,0
DA:88,0
DA:90,0
DA:93,0
DA:94,0
DA:95,0
DA:99,0
DA:100,0
DA:101,0
DA:102,0
DA:106,0
DA:107,0
DA:109,0
DA:124,0
DA:131,0
DA:133,0
DA:138,2
DA:139,0
DA:140,0
DA:141,0
DA:142,0
DA:145,0
DA:146,0
DA:147,0
DA:151,0
DA:152,0
DA:153,0
DA:154,0
DA:158,0
DA:170,0
DA:177,0
DA:179,0
DA:184,2
DA:185,0
DA:186,0
DA:187,0
DA:190,0
DA:191,0
DA:192,0
DA:196,0
DA:197,0
DA:201,0
DA:202,0
DA:203,0
DA:209,0
DA:211,0
DA:213,0
DA:218,2
DA:219,0
DA:220,0
DA:221,0
DA:222,0
DA:224,0
DA:231,0
DA:233,0
DA:234,0
DA:235,0
DA:238,0
DA:239,0
DA:240,0
DA:241,0
DA:244,0
DA:246,0
DA:247,0
DA:249,0
DA:254,2
DA:255,0
DA:256,0
DA:257,0
DA:258,0
DA:261,0
DA:262,0
DA:263,0
DA:267,0
DA:268,0
DA:272,0
DA:273,0
DA:274,0
DA:275,0
DA:279,0
DA:280,0
DA:285,0
DA:286,0
DA:288,0
DA:289,0
DA:290,0
DA:292,0
DA:295,0
DA:296,0
DA:297,0
DA:301,0
DA:304,0
DA:314,0
DA:316,0
DA:322,0
DA:323,0
DA:326,0
DA:327,0
DA:329,0
DA:330,0
DA:331,0
DA:334,0
DA:335,0
DA:336,0
DA:339,0
LF:140
LH:8
BRDA:14,0,0,0
BRDA:14,0,1,0
BRDA:17,1,0,0
BRDA:17,1,1,0
BRDA:17,2,0,0
BRDA:17,2,1,0
BRDA:33,3,0,0
BRDA:33,3,1,0
BRDA:63,4,0,0
BRDA:63,4,1,0
BRDA:86,5,0,0
BRDA:86,5,1,0
BRDA:94,6,0,0
BRDA:94,6,1,0
BRDA:99,7,0,0
BRDA:99,7,1,0
BRDA:101,8,0,0
BRDA:101,8,1,0
BRDA:115,9,0,0
BRDA:115,9,1,0
BRDA:117,10,0,0
BRDA:117,10,1,0
BRDA:120,11,0,0
BRDA:120,11,1,0
BRDA:121,12,0,0
BRDA:121,12,1,0
BRDA:146,13,0,0
BRDA:146,13,1,0
BRDA:151,14,0,0
BRDA:151,14,1,0
BRDA:153,15,0,0
BRDA:153,15,1,0
BRDA:164,16,0,0
BRDA:164,16,1,0
BRDA:165,17,0,0
BRDA:165,17,1,0
BRDA:166,18,0,0
BRDA:166,18,1,0
BRDA:191,19,0,0
BRDA:191,19,1,0
BRDA:196,20,0,0
BRDA:196,20,1,0
BRDA:202,21,0,0
BRDA:202,21,1,0
BRDA:233,22,0,0
BRDA:233,22,1,0
BRDA:238,23,0,0
BRDA:238,23,1,0
BRDA:262,24,0,0
BRDA:262,24,1,0
BRDA:267,25,0,0
BRDA:267,25,1,0
BRDA:272,26,0,0
BRDA:272,26,1,0
BRDA:274,27,0,0
BRDA:274,27,1,0
BRDA:279,28,0,0
BRDA:279,28,1,0
BRDA:288,29,0,0
BRDA:288,29,1,0
BRDA:296,30,0,0
BRDA:296,30,1,0
BRDA:301,31,0,0
BRDA:301,31,1,0
BRDA:322,32,0,0
BRDA:322,32,1,0
BRDA:329,33,0,0
BRDA:329,33,1,0
BRDA:330,34,0,0
BRDA:330,34,1,0
BRF:70
BRH:0
end_of_record
TN:
SF:src/routes/gcp-diagnostics.js
FN:19,(anonymous_0)
FN:68,(anonymous_1)
FN:84,(anonymous_2)
FN:151,(anonymous_3)
FN:168,(anonymous_4)
FNF:5
FNH:0
FNDA:0,(anonymous_0)
FNDA:0,(anonymous_1)
FNDA:0,(anonymous_2)
FNDA:0,(anonymous_3)
FNDA:0,(anonymous_4)
DA:10,2
DA:13,2
DA:19,2
DA:20,0
DA:21,0
DA:33,0
DA:34,0
DA:35,0
DA:36,0
DA:42,0
DA:50,0
DA:51,0
DA:52,0
DA:55,0
DA:60,0
DA:68,0
DA:69,0
DA:71,0
DA:73,0
DA:84,2
DA:85,0
DA:87,0
DA:97,0
DA:99,0
DA:114,0
DA:115,0
DA:116,0
DA:118,0
DA:121,0
DA:132,0
DA:133,0
DA:151,2
DA:152,0
DA:153,0
DA:156,0
DA:157,0
DA:159,0
DA:160,0
DA:162,0
DA:168,0
DA:177,0
LF:41
LH:5
BRDA:25,0,0,0
BRDA:25,0,1,0
BRDA:26,1,0,0
BRDA:26,1,1,0
BRDA:27,2,0,0
BRDA:27,2,1,0
BRDA:51,3,0,0
BRDA:51,3,1,0
BRDA:69,4,0,0
BRDA:69,4,1,0
BRF:10
BRH:0
end_of_record
TN:
SF:src/routes/gemini.js
FN:15,(anonymous_0)
FN:50,(anonymous_1)
FN:76,(anonymous_2)
FN:101,(anonymous_3)
FN:127,(anonymous_4)
FN:161,(anonymous_5)
FN:188,(anonymous_6)
FN:217,(anonymous_7)
FN:228,(anonymous_8)
FNF:9
FNH:0
FNDA:0,(anonymous_0)
FNDA:0,(anonymous_1)
FNDA:0,(anonymous_2)
FNDA:0,(anonymous_3)
FNDA:0,(anonymous_4)
FNDA:0,(anonymous_5)
FNDA:0,(anonymous_6)
FNDA:0,(anonymous_7)
FNDA:0,(anonymous_8)
DA:6,2
DA:9,2
DA:15,2
DA:16,0
DA:17,0
DA:18,0
DA:20,0
DA:21,0
DA:28,0
DA:29,0
DA:34,0
DA:36,0
DA:38,0
DA:39,0
DA:50,2
DA:51,0
DA:52,0
DA:54,0
DA:55,0
DA:61,0
DA:62,0
DA:64,0
DA:65,0
DA:76,2
DA:77,0
DA:79,0
DA:80,0
DA:86,0
DA:87,0
DA:89,0
DA:90,0
DA:101,2
DA:102,0
DA:103,0
DA:105,0
DA:106,0
DA:112,0
DA:113,0
DA:115,0
DA:116,0
DA:127,2
DA:128,0
DA:129,0
DA:130,0
DA:132,0
DA:137,0
DA:138,0
DA:143,0
DA:149,0
DA:150,0
DA:161,2
DA:162,0
DA:163,0
DA:164,0
DA:166,0
DA:171,0
DA:176,0
DA:177,0
DA:188,2
DA:189,0
DA:190,0
DA:193,0
DA:202,0
DA:209,0
DA:211,0
DA:212,0
DA:217,0
DA:222,0
DA:223,0
DA:228,0
DA:233,0
DA:243,0
DA:244,0
LF:73
LH:9
BRDA:17,0,0,0
BRDA:20,1,0,0
BRDA:20,1,1,0
BRDA:20,2,0,0
BRDA:20,2,1,0
BRDA:54,3,0,0
BRDA:54,3,1,0
BRDA:79,4,0,0
BRDA:79,4,1,0
BRDA:105,5,0,0
BRDA:105,5,1,0
BRDA:105,6,0,0
BRDA:105,6,1,0
BRDA:137,7,0,0
BRDA:137,7,1,0
BRDA:211,8,0,0
BRDA:211,8,1,0
BRDA:222,9,0,0
BRDA:222,9,1,0
BRF:19
BRH:0
end_of_record
TN:
SF:src/routes/health.js
FN:14,(anonymous_0)
FN:41,(anonymous_1)
FN:81,(anonymous_2)
FN:122,(anonymous_3)
FN:141,(anonymous_4)
FN:181,(anonymous_5)
FN:217,(anonymous_6)
FN:234,(anonymous_7)
FN:246,(anonymous_8)
FNF:9
FNH:0
FNDA:0,(anonymous_0)
FNDA:0,(anonymous_1)
FNDA:0,(anonymous_2)
FNDA:0,(anonymous_3)
FNDA:0,(anonymous_4)
FNDA:0,(anonymous_5)
FNDA:0,(anonymous_6)
FNDA:0,(anonymous_7)
FNDA:0,(anonymous_8)
DA:9,2
DA:14,2
DA:15,0
DA:16,0
DA:17,0
DA:27,0
DA:28,0
DA:30,0
DA:41,2
DA:42,0
DA:43,0
DA:44,0
DA:45,0
DA:47,0
DA:54,0
DA:55,0
DA:67,0
DA:68,0
DA:70,0
DA:81,2
DA:82,0
DA:83,0
DA:84,0
DA:87,0
DA:101,0
DA:112,0
DA:122,2
DA:123,0
DA:124,0
DA:126,0
DA:131,0
DA:141,2
DA:142,0
DA:144,0
DA:146,0
DA:147,0
DA:155,0
DA:158,0
DA:171,0
DA:181,2
DA:182,0
DA:183,0
DA:184,0
DA:185,0
DA:187,0
DA:188,0
DA:195,0
DA:207,0
DA:217,2
DA:218,0
DA:219,0
DA:221,0
DA:222,0
DA:224,0
DA:227,0
DA:234,2
DA:236,0
DA:246,2
DA:247,0
DA:248,0
DA:249,0
DA:251,0
DA:269,0
DA:271,0
LF:64
LH:10
BRDA:18,0,0,0
BRDA:18,0,1,0
BRDA:20,1,0,0
BRDA:20,1,1,0
BRDA:21,2,0,0
BRDA:21,2,1,0
BRDA:27,3,0,0
BRDA:27,3,1,0
BRDA:54,4,0,0
BRDA:54,4,1,0
BRDA:67,5,0,0
BRDA:67,5,1,0
BRDA:146,6,0,0
BRDA:146,6,1,0
BRDA:187,7,0,0
BRDA:187,7,1,0
BRDA:221,8,0,0
BRDA:221,8,1,0
BRDA:265,9,0,0
BRDA:265,9,1,0
BRDA:266,10,0,0
BRDA:266,10,1,0
BRF:22
BRH:0
end_of_record
TN:
SF:src/routes/metadata.js
FN:8,(anonymous_0)
FN:35,(anonymous_1)
FN:61,(anonymous_2)
FN:106,(anonymous_3)
FN:143,(anonymous_4)
FNF:5
FNH:0
FNDA:0,(anonymous_0)
FNDA:0,(anonymous_1)
FNDA:0,(anonymous_2)
FNDA:0,(anonymous_3)
FNDA:0,(anonymous_4)
DA:5,2
DA:8,2
DA:9,0
DA:10,0
DA:12,0
DA:13,0
DA:16,0
DA:25,0
DA:30,0
DA:35,2
DA:36,0
DA:37,0
DA:38,0
DA:40,0
DA:41,0
DA:43,0
DA:49,0
DA:54,0
DA:56,0
DA:61,2
DA:62,0
DA:63,0
DA:65,0
DA:78,0
DA:85,0
DA:95,0
DA:101,0
DA:106,2
DA:107,0
DA:108,0
DA:111,0
DA:114,0
DA:117,0
DA:119,0
DA:129,0
DA:130,0
DA:133,0
DA:135,0
DA:143,2
DA:145,0
DA:146,0
DA:148,0
DA:150,0
DA:151,0
DA:153,0
DA:154,0
DA:155,0
DA:160,0
LF:48
LH:6
BRDA:13,0,0,0
BRDA:13,0,1,0
BRDA:41,1,0,0
BRDA:41,1,1,0
BRDA:45,2,0,0
BRDA:45,2,1,0
BRDA:46,3,0,0
BRDA:46,3,1,0
BRDA:122,4,0,0
BRDA:122,4,1,0
BRDA:129,5,0,0
BRDA:129,5,1,0
BRDA:129,6,0,0
BRDA:129,6,1,0
BRDA:129,6,2,0
BRDA:150,7,0,0
BRDA:150,7,1,0
BRDA:154,8,0,0
BRDA:154,8,1,0
BRDA:154,9,0,0
BRDA:154,9,1,0
BRDA:154,9,2,0
BRF:22
BRH:0
end_of_record
TN:
SF:src/routes/users.js
FN:9,(anonymous_0)
FN:28,(anonymous_1)
FN:52,(anonymous_2)
FN:87,(anonymous_3)
FN:131,(anonymous_4)
FN:165,(anonymous_5)
FN:177,(anonymous_6)
FNF:7
FNH:0
FNDA:0,(anonymous_0)
FNDA:0,(anonymous_1)
FNDA:0,(anonymous_2)
FNDA:0,(anonymous_3)
FNDA:0,(anonymous_4)
FNDA:0,(anonymous_5)
FNDA:0,(anonymous_6)
DA:6,2
DA:9,2
DA:10,0
DA:11,0
DA:13,0
DA:21,0
DA:23,0
DA:28,2
DA:29,0
DA:30,0
DA:31,0
DA:33,0
DA:41,0
DA:42,0
DA:45,0
DA:47,0
DA:52,2
DA:53,0
DA:54,0
DA:55,0
DA:58,0
DA:59,0
DA:60,0
DA:64,0
DA:67,0
DA:72,0
DA:80,0
DA:82,0
DA:87,2
DA:88,0
DA:89,0
DA:90,0
DA:91,0
DA:94,0
DA:95,0
DA:96,0
DA:100,0
DA:101,0
DA:105,0
DA:106,0
DA:111,0
DA:116,0
DA:124,0
DA:126,0
DA:131,2
DA:132,0
DA:133,0
DA:134,0
DA:137,0
DA:138,0
DA:139,0
DA:143,0
DA:144,0
DA:148,0
DA:149,0
DA:150,0
DA:156,0
DA:158,0
DA:160,0
DA:165,2
DA:166,0
DA:167,0
DA:169,0
DA:170,0
DA:172,0
DA:177,2
DA:178,0
DA:179,0
DA:181,0
DA:182,0
DA:184,0
DA:189,0
LF:72
LH:8
BRDA:41,0,0,0
BRDA:41,0,1,0
BRDA:59,1,0,0
BRDA:59,1,1,0
BRDA:69,2,0,0
BRDA:69,2,1,0
BRDA:95,3,0,0
BRDA:95,3,1,0
BRDA:100,4,0,0
BRDA:100,4,1,0
BRDA:100,5,0,0
BRDA:100,5,1,0
BRDA:105,6,0,0
BRDA:105,6,1,0
BRDA:138,7,0,0
BRDA:138,7,1,0
BRDA:143,8,0,0
BRDA:143,8,1,0
BRDA:149,9,0,0
BRDA:149,9,1,0
BRDA:182,10,0,0
BRDA:182,10,1,0
BRF:22
BRH:0
end_of_record
TN:
SF:src/services/databaseService.js
FN:17,(anonymous_0)
FN:32,(anonymous_1)
FN:74,(anonymous_2)
FN:116,(anonymous_3)
FN:143,(anonymous_4)
FN:155,(anonymous_5)
FN:167,(anonymous_6)
FN:182,(anonymous_7)
FN:221,(anonymous_8)
FN:234,(anonymous_9)
FN:236,(anonymous_10)
FN:266,(anonymous_11)
FN:267,(anonymous_12)
FN:285,(anonymous_13)
FN:298,(anonymous_14)
FN:320,(anonymous_15)
FN:345,(anonymous_16)
FN:402,(anonymous_17)
FN:478,(anonymous_18)
FN:554,(anonymous_19)
FN:579,(anonymous_20)
FN:595,(anonymous_21)
FN:635,(anonymous_22)
FN:658,(anonymous_23)
FN:709,(anonymous_24)
FN:746,(anonymous_25)
FN:750,(anonymous_26)
FN:765,(anonymous_27)
FN:782,(anonymous_28)
FN:793,(anonymous_29)
FN:810,(anonymous_30)
FN:822,(anonymous_31)
FN:835,(anonymous_32)
FNF:33
FNH:0
FNDA:0,(anonymous_0)
FNDA:0,(anonymous_1)
FNDA:0,(anonymous_2)
FNDA:0,(anonymous_3)
FNDA:0,(anonymous_4)
FNDA:0,(anonymous_5)
FNDA:0,(anonymous_6)
FNDA:0,(anonymous_7)
FNDA:0,(anonymous_8)
FNDA:0,(anonymous_9)
FNDA:0,(anonymous_10)
FNDA:0,(anonymous_11)
FNDA:0,(anonymous_12)
FNDA:0,(anonymous_13)
FNDA:0,(anonymous_14)
FNDA:0,(anonymous_15)
FNDA:0,(anonymous_16)
FNDA:0,(anonymous_17)
FNDA:0,(anonymous_18)
FNDA:0,(anonymous_19)
FNDA:0,(anonymous_20)
FNDA:0,(anonymous_21)
FNDA:0,(anonymous_22)
FNDA:0,(anonymous_23)
FNDA:0,(anonymous_24)
FNDA:0,(anonymous_25)
FNDA:0,(anonymous_26)
FNDA:0,(anonymous_27)
FNDA:0,(anonymous_28)
FNDA:0,(anonymous_29)
FNDA:0,(anonymous_30)
FNDA:0,(anonymous_31)
FNDA:0,(anonymous_32)
DA:13,0
DA:14,0
DA:18,0
DA:19,0
DA:20,0
DA:21,0
DA:22,0
DA:23,0
DA:25,0
DA:33,0
DA:34,0
DA:36,0
DA:37,0
DA:40,0
DA:42,0
DA:43,0
DA:45,0
DA:46,0
DA:48,0
DA:49,0
DA:51,0
DA:52,0
DA:54,0
DA:57,0
DA:58,0
DA:59,0
DA:61,0
DA:62,0
DA:65,0
DA:66,0
DA:75,0
DA:76,0
DA:78,0
DA:81,0
DA:82,0
DA:83,0
DA:86,0
DA:88,0
DA:92,0
DA:93,0
DA:94,0
DA:95,0
DA:98,0
DA:99,0
DA:103,0
DA:104,0
DA:105,0
DA:109,0
DA:117,0
DA:119,0
DA:122,0
DA:137,0
DA:138,0
DA:139,0
DA:142,0
DA:144,0
DA:145,0
DA:146,0
DA:147,0
DA:148,0
DA:149,0
DA:151,0
DA:156,0
DA:157,0
DA:158,0
DA:159,0
DA:160,0
DA:161,0
DA:163,0
DA:168,0
DA:169,0
DA:170,0
DA:171,0
DA:172,0
DA:173,0
DA:178,0
DA:183,0
DA:184,0
DA:185,0
DA:187,0
DA:192,0
DA:193,0
DA:196,0
DA:199,0
DA:200,0
DA:201,0
DA:205,0
DA:206,0
DA:207,0
DA:208,0
DA:209,0
DA:211,0
DA:222,0
DA:235,0
DA:236,0
DA:245,0
DA:246,0
DA:247,0
DA:248,0
DA:249,0
DA:250,0
DA:251,0
DA:254,0
DA:258,0
DA:267,0
DA:276,0
DA:278,0
DA:286,0
DA:288,0
DA:289,0
DA:291,0
DA:299,0
DA:301,0
DA:302,0
DA:303,0
DA:304,0
DA:306,0
DA:307,0
DA:308,0
DA:314,0
DA:321,0
DA:323,0
DA:324,0
DA:325,0
DA:326,0
DA:328,0
DA:329,0
DA:330,0
DA:336,0
DA:339,0
DA:346,0
DA:348,0
DA:350,0
DA:352,0
DA:367,0
DA:374,0
DA:376,0
DA:379,0
DA:380,0
DA:381,0
DA:386,0
DA:391,0
DA:393,0
DA:403,0
DA:479,0
DA:555,0
DA:564,0
DA:565,0
DA:566,0
DA:569,0
DA:570,0
DA:580,0
DA:583,0
DA:586,0
DA:589,0
DA:592,0
DA:596,0
DA:623,0
DA:624,0
DA:625,0
DA:630,0
DA:636,0
DA:638,0
DA:643,0
DA:644,0
DA:645,0
DA:647,0
DA:651,0
DA:654,0
DA:659,0
DA:690,0
DA:691,0
DA:692,0
DA:693,0
DA:698,0
DA:704,0
DA:710,0
DA:726,0
DA:727,0
DA:728,0
DA:733,0
DA:739,0
DA:747,0
DA:748,0
DA:750,0
DA:751,0
DA:752,0
DA:754,0
DA:759,0
DA:766,0
DA:767,0
DA:769,0
DA:770,0
DA:771,0
DA:773,0
DA:783,0
DA:784,0
DA:786,0
DA:794,0
DA:797,0
DA:800,0
DA:801,0
DA:804,0
DA:811,0
DA:812,0
DA:813,0
DA:816,0
DA:817,0
DA:818,0
DA:821,0
DA:822,0
DA:823,0
DA:827,0
DA:828,0
DA:829,0
DA:836,0
LF:216
LH:0
BRDA:36,0,0,0
BRDA:36,0,1,0
BRDA:40,1,0,0
BRDA:40,1,1,0
BRDA:40,1,2,0
BRDA:40,1,3,0
BRDA:40,1,4,0
BRDA:82,2,0,0
BRDA:82,2,1,0
BRDA:98,3,0,0
BRDA:98,3,1,0
BRDA:103,4,0,0
BRDA:103,4,1,0
BRDA:129,5,0,0
BRDA:129,5,1,0
BRDA:130,6,0,0
BRDA:130,6,1,0
BRDA:131,7,0,0
BRDA:131,7,1,0
BRDA:132,8,0,0
BRDA:132,8,1,0
BRDA:143,9,0,0
BRDA:149,10,0,0
BRDA:149,10,1,0
BRDA:155,11,0,0
BRDA:167,12,0,0
BRDA:174,13,0,0
BRDA:174,13,1,0
BRDA:199,14,0,0
BRDA:199,14,1,0
BRDA:205,15,0,0
BRDA:205,15,1,0
BRDA:245,16,0,0
BRDA:245,16,1,0
BRDA:246,17,0,0
BRDA:246,17,1,0
BRDA:249,18,0,0
BRDA:249,18,1,0
BRDA:276,19,0,0
BRDA:276,19,1,0
BRDA:288,20,0,0
BRDA:288,20,1,0
BRDA:306,21,0,0
BRDA:306,21,1,0
BRDA:328,22,0,0
BRDA:328,22,1,0
BRDA:569,23,0,0
BRDA:569,23,1,0
BRDA:643,24,0,0
BRDA:643,24,1,0
BRDA:692,25,0,0
BRDA:692,25,1,0
BRDA:727,26,0,0
BRDA:727,26,1,0
BRDA:748,27,0,0
BRDA:748,27,1,0
BRDA:766,28,0,0
BRDA:766,28,1,0
BRDA:783,29,0,0
BRDA:783,29,1,0
BRDA:811,30,0,0
BRDA:811,30,1,0
BRDA:816,31,0,0
BRDA:816,31,1,0
BRDA:821,32,0,0
BRDA:821,32,1,0
BRDA:821,33,0,0
BRDA:821,33,1,0
BRF:68
BRH:0
end_of_record
TN:
SF:src/services/gcpCertificateService.js
FN:8,(anonymous_0)
FN:25,(anonymous_1)
FN:48,(anonymous_2)
FN:282,(anonymous_3)
FN:283,(anonymous_4)
FN:328,(anonymous_5)
FN:340,(anonymous_6)
FN:352,(anonymous_7)
FN:375,(anonymous_8)
FN:390,(anonymous_9)
FN:396,(anonymous_10)
FN:397,(anonymous_11)
FN:426,(anonymous_12)
FN:436,(anonymous_13)
FN:456,(anonymous_14)
FN:469,(anonymous_15)
FN:471,(anonymous_16)
FNF:17
FNH:1
FNDA:1,(anonymous_0)
FNDA:0,(anonymous_1)
FNDA:0,(anonymous_2)
FNDA:0,(anonymous_3)
FNDA:0,(anonymous_4)
FNDA:0,(anonymous_5)
FNDA:0,(anonymous_6)
FNDA:0,(anonymous_7)
FNDA:0,(anonymous_8)
FNDA:0,(anonymous_9)
FNDA:0,(anonymous_10)
FNDA:0,(anonymous_11)
FNDA:0,(anonymous_12)
FNDA:0,(anonymous_13)
FNDA:0,(anonymous_14)
FNDA:0,(anonymous_15)
FNDA:0,(anonymous_16)
DA:9,1
DA:10,1
DA:12,1
DA:13,0
DA:16,1
DA:17,1
DA:21,1
DA:28,0
DA:29,0
DA:33,0
DA:34,0
DA:36,0
DA:37,0
DA:39,0
DA:40,0
DA:45,0
DA:49,0
DA:50,0
DA:51,0
DA:54,0
DA:56,0
DA:58,0
DA:59,0
DA:60,0
DA:61,0
DA:63,0
DA:64,0
DA:65,0
DA:66,0
DA:67,0
DA:68,0
DA:69,0
DA:71,0
DA:74,0
DA:75,0
DA:76,0
DA:77,0
DA:78,0
DA:79,0
DA:80,0
DA:82,0
DA:85,0
DA:88,0
DA:89,0
DA:91,0
DA:92,0
DA:93,0
DA:96,0
DA:97,0
DA:99,0
DA:100,0
DA:102,0
DA:105,0
DA:107,0
DA:117,0
DA:119,0
DA:121,0
DA:128,0
DA:129,0
DA:132,0
DA:133,0
DA:136,0
DA:137,0
DA:138,0
DA:139,0
DA:140,0
DA:141,0
DA:142,0
DA:143,0
DA:144,0
DA:145,0
DA:146,0
DA:148,0
DA:149,0
DA:155,0
DA:162,0
DA:163,0
DA:166,0
DA:168,0
DA:169,0
DA:170,0
DA:173,0
DA:174,0
DA:175,0
DA:176,0
DA:178,0
DA:179,0
DA:181,0
DA:185,0
DA:188,0
DA:189,0
DA:192,0
DA:193,0
DA:194,0
DA:197,0
DA:198,0
DA:199,0
DA:202,0
DA:204,0
DA:205,0
DA:206,0
DA:207,0
DA:208,0
DA:209,0
DA:210,0
DA:211,0
DA:213,0
DA:216,0
DA:219,0
DA:223,0
DA:224,0
DA:225,0
DA:232,0
DA:233,0
DA:234,0
DA:235,0
DA:236,0
DA:237,0
DA:240,0
DA:242,0
DA:251,0
DA:253,0
DA:254,0
DA:255,0
DA:257,0
DA:259,0
DA:260,0
DA:262,0
DA:263,0
DA:264,0
DA:267,0
DA:282,0
DA:283,0
DA:286,0
DA:288,0
DA:289,0
DA:292,0
DA:293,0
DA:294,0
DA:296,0
DA:299,0
DA:302,0
DA:303,0
DA:304,0
DA:305,0
DA:306,0
DA:307,0
DA:309,0
DA:313,0
DA:320,0
DA:321,0
DA:323,0
DA:324,0
DA:329,0
DA:330,0
DA:331,0
DA:333,0
DA:335,0
DA:336,0
DA:341,0
DA:342,0
DA:343,0
DA:345,0
DA:347,0
DA:348,0
DA:353,0
DA:354,0
DA:357,0
DA:358,0
DA:359,0
DA:360,0
DA:362,0
DA:363,0
DA:365,0
DA:370,0
DA:371,0
DA:376,0
DA:377,0
DA:378,0
DA:379,0
DA:380,0
DA:382,0
DA:383,0
DA:385,0
DA:386,0
DA:391,0
DA:392,0
DA:393,0
DA:396,0
DA:397,0
DA:400,0
DA:405,0
DA:407,0
DA:408,0
DA:409,0
DA:418,0
DA:421,0
DA:422,0
DA:427,0
DA:428,0
DA:429,0
DA:431,0
DA:432,0
DA:437,0
DA:438,0
DA:442,0
DA:444,0
DA:446,0
DA:448,0
DA:451,0
DA:452,0
DA:457,0
DA:459,0
DA:460,0
DA:462,0
DA:465,0
DA:466,0
DA:467,0
DA:468,0
DA:469,0
DA:471,0
DA:472,0
DA:473,0
DA:475,0
DA:476,0
DA:477,0
DA:478,0
DA:479,0
DA:480,0
DA:482,0
DA:485,0
DA:487,0
DA:488,0
DA:491,0
DA:493,0
DA:497,0
DA:498,0
DA:499,0
DA:500,0
DA:501,0
DA:505,0
DA:506,0
DA:507,0
DA:508,0
DA:509,0
DA:512,0
DA:516,0
DA:517,0
DA:520,0
DA:521,0
DA:525,0
DA:526,0
DA:527,0
DA:528,0
DA:529,0
DA:531,0
DA:535,0
DA:537,0
DA:538,0
LF:259
LH:6
BRDA:10,0,0,1
BRDA:10,0,1,0
BRDA:12,1,0,0
BRDA:12,1,1,1
BRDA:28,2,0,0
BRDA:28,2,1,0
BRDA:28,3,0,0
BRDA:28,3,1,0
BRDA:39,4,0,0
BRDA:39,4,1,0
BRDA:39,5,0,0
BRDA:39,5,1,0
BRDA:50,6,0,0
BRDA:50,6,1,0
BRDA:56,7,0,0
BRDA:56,7,1,0
BRDA:78,8,0,0
BRDA:78,8,1,0
BRDA:119,9,0,0
BRDA:119,9,1,0
BRDA:128,10,0,0
BRDA:128,10,1,0
BRDA:138,11,0,0
BRDA:138,11,1,0
BRDA:139,12,0,0
BRDA:139,12,1,0
BRDA:162,13,0,0
BRDA:162,13,1,0
BRDA:162,14,0,0
BRDA:162,14,1,0
BRDA:169,15,0,0
BRDA:169,15,1,0
BRDA:169,16,0,0
BRDA:169,16,1,0
BRDA:175,17,0,0
BRDA:175,17,1,0
BRDA:175,18,0,0
BRDA:175,18,1,0
BRDA:188,19,0,0
BRDA:188,19,1,0
BRDA:197,20,0,0
BRDA:197,20,1,0
BRDA:204,21,0,0
BRDA:204,21,1,0
BRDA:208,22,0,0
BRDA:208,22,1,0
BRDA:208,23,0,0
BRDA:208,23,1,0
BRDA:208,23,2,0
BRDA:293,24,0,0
BRDA:293,24,1,0
BRDA:302,25,0,0
BRDA:302,25,1,0
BRDA:304,26,0,0
BRDA:304,26,1,0
BRDA:304,27,0,0
BRDA:304,27,1,0
BRDA:306,28,0,0
BRDA:306,28,1,0
BRDA:407,29,0,0
BRDA:407,29,1,0
BRDA:444,30,0,0
BRDA:444,30,1,0
BRDA:468,31,0,0
BRDA:468,31,1,0
BRDA:472,32,0,0
BRDA:472,32,1,0
BRDA:478,33,0,0
BRDA:478,33,1,0
BRDA:497,34,0,0
BRDA:497,34,1,0
BRDA:500,35,0,0
BRDA:500,35,1,0
BRDA:527,36,0,0
BRDA:527,36,1,0
BRF:75
BRH:2
end_of_record
TN:
SF:src/services/geminiService.js
FN:15,getCertificateContext
FN:65,(anonymous_1)
FN:66,(anonymous_2)
FN:72,(anonymous_3)
FN:84,getChatResponseWithDB
FN:111,(anonymous_5)
FN:125,(anonymous_6)
FN:133,(anonymous_7)
FN:176,(anonymous_8)
FN:223,analyzeCertificateWithDB
FN:279,(anonymous_10)
FN:323,getDatabaseInsights
FN:350,(anonymous_12)
FN:359,(anonymous_13)
FN:404,parseCertificateWithGemini
FNF:15
FNH:0
FNDA:0,getCertificateContext
FNDA:0,(anonymous_1)
FNDA:0,(anonymous_2)
FNDA:0,(anonymous_3)
FNDA:0,getChatResponseWithDB
FNDA:0,(anonymous_5)
FNDA:0,(anonymous_6)
FNDA:0,(anonymous_7)
FNDA:0,(anonymous_8)
FNDA:0,analyzeCertificateWithDB
FNDA:0,(anonymous_10)
FNDA:0,getDatabaseInsights
FNDA:0,(anonymous_12)
FNDA:0,(anonymous_13)
FNDA:0,parseCertificateWithGemini
DA:4,2
DA:6,2
DA:7,0
DA:10,2
DA:16,0
DA:18,0
DA:19,0
DA:22,0
DA:41,0
DA:47,0
DA:53,0
DA:58,0
DA:65,0
DA:67,0
DA:68,0
DA:69,0
DA:70,0
DA:72,0
DA:76,0
DA:77,0
DA:85,0
DA:86,0
DA:92,0
DA:94,0
DA:97,0
DA:102,0
DA:103,0
DA:111,0
DA:125,0
DA:133,0
DA:138,0
DA:141,0
DA:162,0
DA:165,0
DA:170,0
DA:176,0
DA:177,0
DA:184,0
DA:190,0
DA:201,0
DA:212,0
DA:213,0
DA:224,0
DA:225,0
DA:231,0
DA:232,0
DA:235,0
DA:246,0
DA:247,0
DA:254,0
DA:261,0
DA:279,0
DA:291,0
DA:304,0
DA:312,0
DA:313,0
DA:324,0
DA:325,0
DA:331,0
DA:332,0
DA:334,0
DA:335,0
DA:341,0
DA:350,0
DA:359,0
DA:372,0
DA:385,0
DA:393,0
DA:394,0
DA:405,0
DA:406,0
DA:412,0
DA:413,0
DA:452,0
DA:466,0
DA:468,0
DA:469,0
DA:470,0
DA:475,0
DA:482,0
DA:483,0
LF:81
LH:3
BRDA:4,0,0,2
BRDA:4,0,1,0
BRDA:6,1,0,0
BRDA:6,1,1,2
BRDA:10,2,0,2
BRDA:10,2,1,0
BRDA:16,3,0,0
BRDA:16,3,1,0
BRDA:70,4,0,0
BRDA:70,4,1,0
BRDA:85,5,0,0
BRDA:85,5,1,0
BRDA:102,6,0,0
BRDA:102,6,1,0
BRDA:121,7,0,0
BRDA:121,7,1,0
BRDA:178,8,0,0
BRDA:178,8,1,0
BRDA:203,9,0,0
BRDA:203,9,1,0
BRDA:204,10,0,0
BRDA:204,10,1,0
BRDA:224,11,0,0
BRDA:224,11,1,0
BRDA:246,12,0,0
BRDA:246,12,1,0
BRDA:273,13,0,0
BRDA:273,13,1,0
BRDA:274,14,0,0
BRDA:274,14,1,0
BRDA:276,15,0,0
BRDA:276,15,1,0
BRDA:307,16,0,0
BRDA:307,16,1,0
BRDA:324,17,0,0
BRDA:324,17,1,0
BRDA:334,18,0,0
BRDA:334,18,1,0
BRDA:387,19,0,0
BRDA:387,19,1,0
BRDA:404,20,0,0
BRDA:405,21,0,0
BRDA:405,21,1,0
BRF:43
BRH:3
end_of_record
TN:
SF:src/services/passwordService.js
FN:6,(anonymous_0)
FN:34,(anonymous_1)
FN:50,(anonymous_2)
FN:63,(anonymous_3)
FN:63,(anonymous_4)
FN:88,(anonymous_5)
FN:88,(anonymous_6)
FN:111,(anonymous_7)
FN:136,(anonymous_8)
FN:157,(anonymous_9)
FN:173,(anonymous_10)
FN:193,(anonymous_11)
FN:203,(anonymous_12)
FN:204,(anonymous_13)
FN:230,(anonymous_14)
FN:246,(anonymous_15)
FNF:16
FNH:0
FNDA:0,(anonymous_0)
FNDA:0,(anonymous_1)
FNDA:0,(anonymous_2)
FNDA:0,(anonymous_3)
FNDA:0,(anonymous_4)
FNDA:0,(anonymous_5)
FNDA:0,(anonymous_6)
FNDA:0,(anonymous_7)
FNDA:0,(anonymous_8)
FNDA:0,(anonymous_9)
FNDA:0,(anonymous_10)
FNDA:0,(anonymous_11)
FNDA:0,(anonymous_12)
FNDA:0,(anonymous_13)
FNDA:0,(anonymous_14)
FNDA:0,(anonymous_15)
DA:7,0
DA:8,0
DA:9,0
DA:12,0
DA:13,0
DA:14,0
DA:17,0
DA:18,0
DA:19,0
DA:21,0
DA:23,0
DA:24,0
DA:29,0
DA:30,0
DA:35,0
DA:36,0
DA:37,0
DA:39,0
DA:40,0
DA:52,0
DA:53,0
DA:54,0
DA:57,0
DA:59,0
DA:60,0
DA:61,0
DA:63,0
DA:68,0
DA:69,0
DA:70,0
DA:74,0
DA:75,0
DA:78,0
DA:81,0
DA:88,0
DA:91,0
DA:94,0
DA:95,0
DA:98,0
DA:100,0
DA:101,0
DA:112,0
DA:113,0
DA:117,0
DA:118,0
DA:122,0
DA:123,0
DA:125,0
DA:126,0
DA:137,0
DA:139,0
DA:141,0
DA:142,0
DA:145,0
DA:146,0
DA:159,0
DA:162,0
DA:163,0
DA:166,0
DA:174,0
DA:175,0
DA:176,0
DA:178,0
DA:182,0
DA:184,0
DA:194,0
DA:195,0
DA:196,0
DA:202,0
DA:203,0
DA:205,0
DA:206,0
DA:207,0
DA:211,0
DA:213,0
DA:214,0
DA:217,0
DA:221,0
DA:231,0
DA:232,0
DA:234,0
DA:235,0
DA:236,0
DA:239,0
DA:247,0
DA:248,0
DA:249,0
DA:252,0
DA:253,0
DA:258,0
DA:260,0
DA:261,0
LF:92
LH:0
BRDA:7,0,0,0
BRDA:7,0,1,0
BRDA:12,1,0,0
BRDA:12,1,1,0
BRDA:12,2,0,0
BRDA:12,2,1,0
BRDA:17,3,0,0
BRDA:17,3,1,0
BRDA:29,4,0,0
BRDA:29,4,1,0
BRDA:52,5,0,0
BRDA:52,5,1,0
BRDA:59,6,0,0
BRDA:59,6,1,0
BRDA:59,7,0,0
BRDA:59,7,1,0
BRDA:68,8,0,0
BRDA:68,8,1,0
BRDA:68,9,0,0
BRDA:68,9,1,0
BRDA:94,10,0,0
BRDA:94,10,1,0
BRDA:112,11,0,0
BRDA:112,11,1,0
BRDA:117,12,0,0
BRDA:117,12,1,0
BRDA:162,13,0,0
BRDA:162,13,1,0
BRDA:162,14,0,0
BRDA:162,14,1,0
BRDA:193,15,0,0
BRDA:203,16,0,0
BRDA:203,16,1,0
BRDA:205,17,0,0
BRDA:205,17,1,0
BRDA:206,18,0,0
BRDA:206,18,1,0
BRDA:230,19,0,0
BRDA:248,20,0,0
BRDA:248,20,1,0
BRDA:248,21,0,0
BRDA:248,21,1,0
BRF:42
BRH:0
end_of_record
TN:
SF:src/services/secretManagerService.js
FN:8,(anonymous_0)
FN:20,(anonymous_1)
FN:37,(anonymous_2)
FN:49,(anonymous_3)
FN:61,(anonymous_4)
FN:89,(anonymous_5)
FN:105,(anonymous_6)
FN:141,(anonymous_7)
FN:146,(anonymous_8)
FN:168,(anonymous_9)
FN:185,(anonymous_10)
FN:201,(anonymous_11)
FN:207,(anonymous_12)
FN:213,(anonymous_13)
FN:223,(anonymous_14)
FN:239,(anonymous_15)
FN:245,(anonymous_16)
FN:251,(anonymous_17)
FN:261,(anonymous_18)
FN:277,(anonymous_19)
FN:286,(anonymous_20)
FN:294,(anonymous_21)
FN:301,(anonymous_22)
FN:309,(anonymous_23)
FN:327,(anonymous_24)
FN:346,(anonymous_25)
FNF:26
FNH:0
FNDA:0,(anonymous_0)
FNDA:0,(anonymous_1)
FNDA:0,(anonymous_2)
FNDA:0,(anonymous_3)
FNDA:0,(anonymous_4)
FNDA:0,(anonymous_5)
FNDA:0,(anonymous_6)
FNDA:0,(anonymous_7)
FNDA:0,(anonymous_8)
FNDA:0,(anonymous_9)
FNDA:0,(anonymous_10)
FNDA:0,(anonymous_11)
FNDA:0,(anonymous_12)
FNDA:0,(anonymous_13)
FNDA:0,(anonymous_14)
FNDA:0,(anonymous_15)
FNDA:0,(anonymous_16)
FNDA:0,(anonymous_17)
FNDA:0,(anonymous_18)
FNDA:0,(anonymous_19)
FNDA:0,(anonymous_20)
FNDA:0,(anonymous_21)
FNDA:0,(anonymous_22)
FNDA:0,(anonymous_23)
FNDA:0,(anonymous_24)
FNDA:0,(anonymous_25)
DA:9,0
DA:10,0
DA:11,0
DA:12,0
DA:14,0
DA:17,0
DA:21,0
DA:24,0
DA:25,0
DA:27,0
DA:28,0
DA:30,0
DA:31,0
DA:33,0
DA:38,0
DA:39,0
DA:40,0
DA:41,0
DA:42,0
DA:44,0
DA:45,0
DA:50,0
DA:51,0
DA:52,0
DA:53,0
DA:54,0
DA:56,0
DA:57,0
DA:62,0
DA:63,0
DA:64,0
DA:66,0
DA:67,0
DA:68,0
DA:71,0
DA:72,0
DA:73,0
DA:74,0
DA:75,0
DA:77,0
DA:78,0
DA:90,0
DA:91,0
DA:94,0
DA:97,0
DA:99,0
DA:101,0
DA:106,0
DA:108,0
DA:110,0
DA:120,0
DA:125,0
DA:126,0
DA:128,0
DA:130,0
DA:134,0
DA:135,0
DA:137,0
DA:142,0
DA:146,0
DA:149,0
DA:150,0
DA:151,0
DA:152,0
DA:154,0
DA:156,0
DA:160,0
DA:161,0
DA:162,0
DA:164,0
DA:169,0
DA:170,0
DA:173,0
DA:174,0
DA:176,0
DA:186,0
DA:187,0
DA:190,0
DA:193,0
DA:195,0
DA:197,0
DA:202,0
DA:203,0
DA:204,0
DA:208,0
DA:209,0
DA:210,0
DA:214,0
DA:215,0
DA:224,0
DA:225,0
DA:228,0
DA:231,0
DA:233,0
DA:235,0
DA:240,0
DA:241,0
DA:242,0
DA:246,0
DA:247,0
DA:248,0
DA:252,0
DA:253,0
DA:262,0
DA:263,0
DA:266,0
DA:269,0
DA:271,0
DA:273,0
DA:278,0
DA:279,0
DA:281,0
DA:282,0
DA:285,0
DA:286,0
DA:295,0
DA:296,0
DA:297,0
DA:300,0
DA:301,0
DA:310,0
DA:311,0
DA:312,0
DA:313,0
DA:320,0
DA:328,0
DA:329,0
DA:332,0
DA:334,0
DA:335,0
DA:337,0
DA:338,0
DA:347,0
LF:133
LH:0
BRDA:9,0,0,0
BRDA:9,0,1,0
BRDA:10,1,0,0
BRDA:10,1,1,0
BRDA:11,2,0,0
BRDA:11,2,1,0
BRDA:21,3,0,0
BRDA:21,3,1,0
BRDA:21,3,2,0
BRDA:21,3,3,0
BRDA:21,3,4,0
BRDA:67,4,0,0
BRDA:67,4,1,0
BRDA:89,5,0,0
BRDA:90,6,0,0
BRDA:90,6,1,0
BRDA:94,7,0,0
BRDA:94,7,1,0
BRDA:94,7,2,0
BRDA:94,7,3,0
BRDA:128,8,0,0
BRDA:128,8,1,0
BRDA:145,9,0,0
BRDA:145,9,1,0
BRDA:154,10,0,0
BRDA:154,10,1,0
BRDA:186,11,0,0
BRDA:186,11,1,0
BRDA:190,12,0,0
BRDA:190,12,1,0
BRDA:190,12,2,0
BRDA:190,12,3,0
BRDA:224,13,0,0
BRDA:224,13,1,0
BRDA:228,14,0,0
BRDA:228,14,1,0
BRDA:228,14,2,0
BRDA:228,14,3,0
BRDA:261,15,0,0
BRDA:262,16,0,0
BRDA:262,16,1,0
BRDA:266,17,0,0
BRDA:266,17,1,0
BRDA:266,17,2,0
BRDA:266,17,3,0
BRDA:281,18,0,0
BRDA:281,18,1,0
BRDA:289,19,0,0
BRDA:289,19,1,0
BRDA:296,20,0,0
BRDA:296,20,1,0
BRDA:304,21,0,0
BRDA:304,21,1,0
BRDA:312,22,0,0
BRDA:312,22,1,0
BRDA:312,23,0,0
BRDA:312,23,1,0
BRDA:315,24,0,0
BRDA:315,24,1,0
BRDA:328,25,0,0
BRDA:328,25,1,0
BRF:61
BRH:0
end_of_record
TN:
SF:src/services/ai/aiAdapter.js
FN:7,(anonymous_0)
FN:20,(anonymous_1)
FN:30,(anonymous_2)
FN:39,(anonymous_3)
FN:48,(anonymous_4)
FN:56,(anonymous_5)
FN:64,(anonymous_6)
FN:79,(anonymous_7)
FN:92,(anonymous_8)
FN:100,(anonymous_9)
FN:117,(anonymous_10)
FN:130,(anonymous_11)
FN:134,(anonymous_12)
FNF:13
FNH:4
FNDA:6,(anonymous_0)
FNDA:0,(anonymous_1)
FNDA:0,(anonymous_2)
FNDA:0,(anonymous_3)
FNDA:0,(anonymous_4)
FNDA:0,(anonymous_5)
FNDA:0,(anonymous_6)
FNDA:0,(anonymous_7)
FNDA:0,(anonymous_8)
FNDA:0,(anonymous_9)
FNDA:2,(anonymous_10)
FNDA:1,(anonymous_11)
FNDA:1,(anonymous_12)
DA:8,6
DA:9,6
DA:10,6
DA:21,0
DA:31,0
DA:40,0
DA:49,0
DA:57,0
DA:65,0
DA:80,0
DA:92,0
DA:101,0
DA:104,0
DA:107,0
DA:109,0
DA:118,2
DA:119,2
DA:120,2
DA:121,2
DA:131,1
DA:135,1
DA:142,3
DA:153,3
LF:23
LH:11
BRDA:7,0,0,0
BRDA:20,1,0,0
BRDA:30,2,0,0
BRDA:117,3,0,0
BRDA:117,4,0,0
BRDA:123,5,0,2
BRDA:123,5,1,1
BRDA:124,6,0,2
BRDA:124,6,1,2
BRDA:125,7,0,2
BRDA:125,7,1,2
BRDA:130,8,0,0
BRDA:134,9,0,0
BRF:13
BRH:6
end_of_record
TN:
SF:src/services/ai/aiRouter.js
FN:16,(anonymous_0)
FN:25,(anonymous_1)
FN:47,(anonymous_2)
FN:84,(anonymous_3)
FN:112,(anonymous_4)
FN:131,(anonymous_5)
FN:151,(anonymous_6)
FN:231,(anonymous_7)
FN:265,(anonymous_8)
FN:272,(anonymous_9)
FN:282,(anonymous_10)
FN:294,(anonymous_11)
FN:300,(anonymous_12)
FN:301,(anonymous_13)
FNF:14
FNH:12
FNDA:19,(anonymous_0)
FNDA:19,(anonymous_1)
FNDA:4,(anonymous_2)
FNDA:0,(anonymous_3)
FNDA:1,(anonymous_4)
FNDA:3,(anonymous_5)
FNDA:0,(anonymous_6)
FNDA:2,(anonymous_7)
FNDA:2,(anonymous_8)
FNDA:2,(anonymous_9)
FNDA:4,(anonymous_10)
FNDA:17,(anonymous_11)
FNDA:1,(anonymous_12)
FNDA:2,(anonymous_13)
DA:17,19
DA:18,19
DA:19,19
DA:27,19
DA:28,1
DA:30,19
DA:31,0
DA:33,19
DA:34,3
DA:36,19
DA:37,0
DA:39,19
DA:40,0
DA:48,4
DA:49,4
DA:50,4
DA:55,2
DA:56,1
DA:64,1
DA:71,2
DA:72,2
DA:85,0
DA:86,0
DA:87,0
DA:92,0
DA:93,0
DA:97,0
DA:98,0
DA:99,0
DA:100,0
DA:102,0
DA:104,0
DA:105,0
DA:113,1
DA:114,1
DA:117,1
DA:118,1
DA:119,1
DA:120,1
DA:125,0
DA:132,3
DA:134,1
DA:136,1
DA:138,0
DA:140,0
DA:142,0
DA:144,1
DA:152,0
DA:153,0
DA:156,0
DA:159,0
DA:160,0
DA:163,0
DA:164,0
DA:165,0
DA:167,0
DA:179,0
DA:180,0
DA:183,0
DA:184,0
DA:187,0
DA:188,0
DA:189,0
DA:190,0
DA:193,0
DA:195,0
DA:204,0
DA:205,0
DA:206,0
DA:207,0
DA:208,0
DA:209,0
DA:217,0
DA:221,0
DA:232,2
DA:235,2
DA:236,2
DA:237,1
DA:246,1
DA:248,1
DA:249,1
DA:250,1
DA:252,1
DA:258,0
DA:266,2
DA:267,2
DA:268,2
DA:272,2
DA:274,1
DA:275,1
DA:283,4
DA:294,17
DA:301,2
DA:307,1
DA:312,3
LF:95
LH:48
BRDA:27,0,0,1
BRDA:27,0,1,18
BRDA:30,1,0,0
BRDA:30,1,1,19
BRDA:33,2,0,3
BRDA:33,2,1,16
BRDA:36,3,0,0
BRDA:36,3,1,19
BRDA:39,4,0,0
BRDA:39,4,1,19
BRDA:55,5,0,1
BRDA:55,5,1,1
BRDA:68,6,0,1
BRDA:68,6,1,0
BRDA:92,7,0,0
BRDA:92,7,1,0
BRDA:92,8,0,0
BRDA:92,8,1,0
BRDA:97,9,0,0
BRDA:97,9,1,0
BRDA:112,10,0,1
BRDA:117,11,0,1
BRDA:117,11,1,0
BRDA:117,12,0,1
BRDA:117,12,1,0
BRDA:119,13,0,1
BRDA:119,13,1,0
BRDA:132,14,0,1
BRDA:132,14,1,1
BRDA:132,14,2,0
BRDA:132,14,3,0
BRDA:132,14,4,0
BRDA:132,14,5,1
BRDA:151,15,0,0
BRDA:156,16,0,0
BRDA:156,16,1,0
BRDA:160,17,0,0
BRDA:160,17,1,0
BRDA:160,18,0,0
BRDA:160,18,1,0
BRDA:164,19,0,0
BRDA:164,19,1,0
BRDA:179,20,0,0
BRDA:179,20,1,0
BRDA:183,21,0,0
BRDA:183,21,1,0
BRDA:189,22,0,0
BRDA:189,22,1,0
BRDA:197,23,0,0
BRDA:197,23,1,0
BRDA:199,24,0,0
BRDA:199,24,1,0
BRDA:204,25,0,0
BRDA:204,25,1,0
BRDA:204,26,0,0
BRDA:204,26,1,0
BRDA:207,27,0,0
BRDA:207,27,1,0
BRDA:211,28,0,0
BRDA:211,28,1,0
BRDA:231,29,0,1
BRDA:236,30,0,1
BRDA:236,30,1,1
BRDA:246,31,0,1
BRDA:246,31,1,0
BRF:65
BRH:21
end_of_record
TN:
SF:src/services/ai/sensitivityDetector.js
FN:7,(anonymous_0)
FN:150,(anonymous_1)
FN:165,(anonymous_2)
FN:205,(anonymous_3)
FN:206,(anonymous_4)
FN:217,(anonymous_5)
FN:221,(anonymous_6)
FN:234,(anonymous_7)
FN:236,(anonymous_8)
FN:247,(anonymous_9)
FN:262,(anonymous_10)
FN:279,(anonymous_11)
FN:289,(anonymous_12)
FN:292,(anonymous_13)
FN:297,(anonymous_14)
FN:301,(anonymous_15)
FNF:16
FNH:1
FNDA:2,(anonymous_0)
FNDA:0,(anonymous_1)
FNDA:0,(anonymous_2)
FNDA:0,(anonymous_3)
FNDA:0,(anonymous_4)
FNDA:0,(anonymous_5)
FNDA:0,(anonymous_6)
FNDA:0,(anonymous_7)
FNDA:0,(anonymous_8)
FNDA:0,(anonymous_9)
FNDA:0,(anonymous_10)
FNDA:0,(anonymous_11)
FNDA:0,(anonymous_12)
FNDA:0,(anonymous_13)
FNDA:0,(anonymous_14)
FNDA:0,(anonymous_15)
DA:8,2
DA:136,2
DA:151,0
DA:152,0
DA:160,0
DA:161,0
DA:162,0
DA:165,0
DA:166,0
DA:167,0
DA:168,0
DA:176,0
DA:177,0
DA:183,0
DA:186,0
DA:190,0
DA:191,0
DA:192,0
DA:193,0
DA:194,0
DA:197,0
DA:205,0
DA:206,0
DA:218,0
DA:219,0
DA:221,0
DA:222,0
DA:223,0
DA:226,0
DA:235,0
DA:236,0
DA:237,0
DA:248,0
DA:249,0
DA:252,0
DA:253,0
DA:254,0
DA:263,0
DA:265,0
DA:267,0
DA:270,0
DA:280,0
DA:290,0
DA:292,0
DA:293,0
DA:294,0
DA:297,0
DA:298,0
DA:301,0
DA:302,0
DA:305,0
DA:306,0
DA:309,0
DA:314,2
LF:54
LH:3
BRDA:150,0,0,0
BRDA:151,1,0,0
BRDA:151,1,1,0
BRDA:151,2,0,0
BRDA:151,2,1,0
BRDA:167,3,0,0
BRDA:167,3,1,0
BRDA:176,4,0,0
BRDA:176,4,1,0
BRDA:186,5,0,0
BRDA:186,5,1,0
BRDA:186,5,2,0
BRDA:191,6,0,0
BRDA:191,6,1,0
BRDA:191,7,0,0
BRDA:191,7,1,0
BRDA:193,8,0,0
BRDA:193,8,1,0
BRDA:193,9,0,0
BRDA:193,9,1,0
BRDA:193,9,2,0
BRDA:222,10,0,0
BRDA:222,10,1,0
BRDA:237,11,0,0
BRDA:237,11,1,0
BRDA:248,12,0,0
BRDA:248,12,1,0
BRDA:263,13,0,0
BRDA:263,13,1,0
BRDA:263,13,2,0
BRDA:263,13,3,0
BRDA:280,14,0,0
BRDA:280,14,1,0
BRDA:292,15,0,0
BRDA:292,15,1,0
BRDA:297,16,0,0
BRDA:297,16,1,0
BRDA:301,17,0,0
BRDA:301,17,1,0
BRDA:305,18,0,0
BRDA:305,18,1,0
BRF:41
BRH:0
end_of_record
TN:
SF:src/services/ai/providers/claude.js
FN:9,(anonymous_0)
FN:17,(anonymous_1)
FN:27,(anonymous_2)
FN:63,(anonymous_3)
FN:84,(anonymous_4)
FN:115,(anonymous_5)
FN:168,(anonymous_6)
FN:178,(anonymous_7)
FN:187,(anonymous_8)
FN:213,(anonymous_9)
FN:241,(anonymous_10)
FNF:11
FNH:1
FNDA:1,(anonymous_0)
FNDA:0,(anonymous_1)
FNDA:0,(anonymous_2)
FNDA:0,(anonymous_3)
FNDA:0,(anonymous_4)
FNDA:0,(anonymous_5)
FNDA:0,(anonymous_6)
FNDA:0,(anonymous_7)
FNDA:0,(anonymous_8)
FNDA:0,(anonymous_9)
FNDA:0,(anonymous_10)
DA:10,1
DA:11,1
DA:12,1
DA:13,1
DA:14,1
DA:18,0
DA:19,0
DA:22,0
DA:23,0
DA:24,0
DA:27,0
DA:28,0
DA:34,0
DA:52,0
DA:53,0
DA:54,0
DA:57,0
DA:59,0
DA:60,0
DA:63,0
DA:64,0
DA:65,0
DA:68,0
DA:79,0
DA:80,0
DA:85,0
DA:103,0
DA:109,0
DA:116,0
DA:151,0
DA:152,0
DA:158,0
DA:160,0
DA:162,0
DA:164,0
DA:169,0
DA:178,0
DA:187,0
DA:200,0
DA:206,0
DA:214,0
DA:215,0
DA:218,0
DA:220,0
DA:234,0
DA:236,0
DA:237,0
DA:242,0
LF:48
LH:5
BRDA:9,0,0,1
BRDA:12,1,0,1
BRDA:12,1,1,1
BRDA:13,2,0,1
BRDA:13,2,1,1
BRDA:17,3,0,0
BRDA:18,4,0,0
BRDA:18,4,1,0
BRDA:23,5,0,0
BRDA:23,5,1,0
BRDA:29,6,0,0
BRDA:29,6,1,0
BRDA:44,7,0,0
BRDA:44,7,1,0
BRDA:45,8,0,0
BRDA:45,8,1,0
BRDA:46,9,0,0
BRDA:46,9,1,0
BRDA:47,10,0,0
BRDA:47,10,1,0
BRDA:52,11,0,0
BRDA:52,11,1,0
BRDA:54,12,0,0
BRDA:54,12,1,0
BRDA:59,13,0,0
BRDA:59,13,1,0
BRDA:59,14,0,0
BRDA:59,14,1,0
BRDA:59,14,2,0
BRDA:64,15,0,0
BRDA:64,15,1,0
BRDA:72,16,0,0
BRDA:72,16,1,0
BRDA:73,17,0,0
BRDA:73,17,1,0
BRDA:74,18,0,0
BRDA:74,18,1,0
BRDA:74,19,0,0
BRDA:74,19,1,0
BRDA:84,20,0,0
BRDA:160,21,0,0
BRDA:160,21,1,0
BRDA:214,22,0,0
BRDA:214,22,1,0
BRF:44
BRH:5
end_of_record
TN:
SF:src/services/ai/providers/deepseek.js
FN:9,(anonymous_0)
FN:16,(anonymous_1)
FN:34,(anonymous_2)
FN:83,(anonymous_3)
FN:114,(anonymous_4)
FN:167,(anonymous_5)
FN:177,(anonymous_6)
FN:186,(anonymous_7)
FN:212,(anonymous_8)
FN:239,(anonymous_9)
FNF:10
FNH:0
FNDA:0,(anonymous_0)
FNDA:0,(anonymous_1)
FNDA:0,(anonymous_2)
FNDA:0,(anonymous_3)
FNDA:0,(anonymous_4)
FNDA:0,(anonymous_5)
FNDA:0,(anonymous_6)
FNDA:0,(anonymous_7)
FNDA:0,(anonymous_8)
FNDA:0,(anonymous_9)
DA:10,0
DA:11,0
DA:12,0
DA:13,0
DA:17,0
DA:18,0
DA:21,0
DA:22,0
DA:23,0
DA:26,0
DA:27,0
DA:34,0
DA:39,0
DA:55,0
DA:56,0
DA:57,0
DA:60,0
DA:61,0
DA:63,0
DA:64,0
DA:67,0
DA:78,0
DA:79,0
DA:84,0
DA:102,0
DA:108,0
DA:115,0
DA:150,0
DA:151,0
DA:157,0
DA:159,0
DA:161,0
DA:163,0
DA:168,0
DA:177,0
DA:186,0
DA:199,0
DA:205,0
DA:213,0
DA:214,0
DA:217,0
DA:219,0
DA:232,0
DA:234,0
DA:235,0
DA:240,0
LF:46
LH:0
BRDA:9,0,0,0
BRDA:12,1,0,0
BRDA:12,1,1,0
BRDA:13,2,0,0
BRDA:13,2,1,0
BRDA:16,3,0,0
BRDA:17,4,0,0
BRDA:17,4,1,0
BRDA:22,5,0,0
BRDA:22,5,1,0
BRDA:26,6,0,0
BRDA:26,6,1,0
BRDA:48,7,0,0
BRDA:48,7,1,0
BRDA:49,8,0,0
BRDA:49,8,1,0
BRDA:50,9,0,0
BRDA:50,9,1,0
BRDA:55,10,0,0
BRDA:55,10,1,0
BRDA:57,11,0,0
BRDA:57,11,1,0
BRDA:63,12,0,0
BRDA:63,12,1,0
BRDA:71,13,0,0
BRDA:71,13,1,0
BRDA:72,14,0,0
BRDA:72,14,1,0
BRDA:73,15,0,0
BRDA:73,15,1,0
BRDA:83,16,0,0
BRDA:159,17,0,0
BRDA:159,17,1,0
BRDA:213,18,0,0
BRDA:213,18,1,0
BRF:35
BRH:0
end_of_record
TN:
SF:src/services/ai/providers/gemini.js
FN:10,(anonymous_0)
FN:21,(anonymous_1)
FN:44,(anonymous_2)
FN:78,(anonymous_3)
FN:126,(anonymous_4)
FN:200,(anonymous_5)
FN:215,(anonymous_6)
FN:224,(anonymous_7)
FN:262,(anonymous_8)
FN:287,(anonymous_9)
FNF:10
FNH:2
FNDA:3,(anonymous_0)
FNDA:0,(anonymous_1)
FNDA:0,(anonymous_2)
FNDA:0,(anonymous_3)
FNDA:0,(anonymous_4)
FNDA:0,(anonymous_5)
FNDA:0,(anonymous_6)
FNDA:0,(anonymous_7)
FNDA:0,(anonymous_8)
FNDA:1,(anonymous_9)
DA:11,3
DA:12,3
DA:13,3
DA:14,3
DA:16,3
DA:17,0
DA:22,0
DA:23,0
DA:26,0
DA:27,0
DA:28,0
DA:31,0
DA:32,0
DA:37,0
DA:44,0
DA:45,0
DA:51,0
DA:62,0
DA:73,0
DA:74,0
DA:79,0
DA:80,0
DA:83,0
DA:84,0
DA:102,0
DA:115,0
DA:121,0
DA:122,0
DA:127,0
DA:128,0
DA:131,0
DA:132,0
DA:171,0
DA:185,0
DA:187,0
DA:188,0
DA:189,0
DA:191,0
DA:195,0
DA:196,0
DA:201,0
DA:202,0
DA:205,0
DA:206,0
DA:215,0
DA:224,0
DA:237,0
DA:250,0
DA:257,0
DA:258,0
DA:263,0
DA:264,0
DA:267,0
DA:269,0
DA:280,0
DA:282,0
DA:283,0
DA:288,1
LF:58
LH:6
BRDA:10,0,0,3
BRDA:13,1,0,3
BRDA:13,1,1,0
BRDA:14,2,0,3
BRDA:14,2,1,3
BRDA:16,3,0,0
BRDA:16,3,1,3
BRDA:21,4,0,0
BRDA:22,5,0,0
BRDA:22,5,1,0
BRDA:27,6,0,0
BRDA:27,6,1,0
BRDA:31,7,0,0
BRDA:31,7,1,0
BRDA:46,8,0,0
BRDA:46,8,1,0
BRDA:55,9,0,0
BRDA:55,9,1,0
BRDA:56,10,0,0
BRDA:56,10,1,0
BRDA:57,11,0,0
BRDA:57,11,1,0
BRDA:58,12,0,0
BRDA:58,12,1,0
BRDA:63,13,0,0
BRDA:63,13,1,0
BRDA:78,14,0,0
BRDA:79,15,0,0
BRDA:79,15,1,0
BRDA:116,16,0,0
BRDA:116,16,1,0
BRDA:127,17,0,0
BRDA:127,17,1,0
BRDA:201,18,0,0
BRDA:201,18,1,0
BRDA:251,19,0,0
BRDA:251,19,1,0
BRDA:263,20,0,0
BRDA:263,20,1,0
BRF:39
BRH:5
end_of_record
TN:
SF:src/services/ai/providers/grok.js
FN:9,(anonymous_0)
FN:16,(anonymous_1)
FN:34,(anonymous_2)
FN:83,(anonymous_3)
FN:114,(anonymous_4)
FN:167,(anonymous_5)
FN:177,(anonymous_6)
FN:186,(anonymous_7)
FN:212,(anonymous_8)
FN:233,(anonymous_9)
FNF:10
FNH:0
FNDA:0,(anonymous_0)
FNDA:0,(anonymous_1)
FNDA:0,(anonymous_2)
FNDA:0,(anonymous_3)
FNDA:0,(anonymous_4)
FNDA:0,(anonymous_5)
FNDA:0,(anonymous_6)
FNDA:0,(anonymous_7)
FNDA:0,(anonymous_8)
FNDA:0,(anonymous_9)
DA:10,0
DA:11,0
DA:12,0
DA:13,0
DA:17,0
DA:18,0
DA:21,0
DA:22,0
DA:23,0
DA:26,0
DA:27,0
DA:34,0
DA:39,0
DA:55,0
DA:56,0
DA:57,0
DA:60,0
DA:61,0
DA:63,0
DA:64,0
DA:67,0
DA:78,0
DA:79,0
DA:84,0
DA:102,0
DA:108,0
DA:115,0
DA:150,0
DA:151,0
DA:157,0
DA:159,0
DA:161,0
DA:163,0
DA:168,0
DA:177,0
DA:186,0
DA:199,0
DA:205,0
DA:213,0
DA:214,0
DA:217,0
DA:218,0
DA:226,0
DA:228,0
DA:229,0
DA:234,0
LF:46
LH:0
BRDA:9,0,0,0
BRDA:12,1,0,0
BRDA:12,1,1,0
BRDA:13,2,0,0
BRDA:13,2,1,0
BRDA:16,3,0,0
BRDA:17,4,0,0
BRDA:17,4,1,0
BRDA:22,5,0,0
BRDA:22,5,1,0
BRDA:26,6,0,0
BRDA:26,6,1,0
BRDA:48,7,0,0
BRDA:48,7,1,0
BRDA:49,8,0,0
BRDA:49,8,1,0
BRDA:50,9,0,0
BRDA:50,9,1,0
BRDA:55,10,0,0
BRDA:55,10,1,0
BRDA:57,11,0,0
BRDA:57,11,1,0
BRDA:63,12,0,0
BRDA:63,12,1,0
BRDA:71,13,0,0
BRDA:71,13,1,0
BRDA:72,14,0,0
BRDA:72,14,1,0
BRDA:73,15,0,0
BRDA:73,15,1,0
BRDA:83,16,0,0
BRDA:159,17,0,0
BRDA:159,17,1,0
BRDA:213,18,0,0
BRDA:213,18,1,0
BRF:35
BRH:0
end_of_record
TN:
SF:src/services/ai/providers/openai.js
FN:9,(anonymous_0)
FN:16,(anonymous_1)
FN:34,(anonymous_2)
FN:83,(anonymous_3)
FN:114,(anonymous_4)
FN:167,(anonymous_5)
FN:177,(anonymous_6)
FN:186,(anonymous_7)
FN:212,(anonymous_8)
FN:233,(anonymous_9)
FNF:10
FNH:2
FNDA:2,(anonymous_0)
FNDA:0,(anonymous_1)
FNDA:0,(anonymous_2)
FNDA:0,(anonymous_3)
FNDA:0,(anonymous_4)
FNDA:0,(anonymous_5)
FNDA:0,(anonymous_6)
FNDA:0,(anonymous_7)
FNDA:0,(anonymous_8)
FNDA:1,(anonymous_9)
DA:10,2
DA:11,2
DA:12,2
DA:13,2
DA:17,0
DA:18,0
DA:21,0
DA:22,0
DA:23,0
DA:26,0
DA:27,0
DA:34,0
DA:39,0
DA:55,0
DA:56,0
DA:57,0
DA:60,0
DA:61,0
DA:63,0
DA:64,0
DA:67,0
DA:78,0
DA:79,0
DA:84,0
DA:102,0
DA:108,0
DA:115,0
DA:150,0
DA:151,0
DA:157,0
DA:159,0
DA:161,0
DA:163,0
DA:168,0
DA:177,0
DA:186,0
DA:199,0
DA:205,0
DA:213,0
DA:214,0
DA:217,0
DA:218,0
DA:226,0
DA:228,0
DA:229,0
DA:234,1
LF:46
LH:5
BRDA:9,0,0,2
BRDA:12,1,0,2
BRDA:12,1,1,2
BRDA:13,2,0,2
BRDA:13,2,1,2
BRDA:16,3,0,0
BRDA:17,4,0,0
BRDA:17,4,1,0
BRDA:22,5,0,0
BRDA:22,5,1,0
BRDA:26,6,0,0
BRDA:26,6,1,0
BRDA:48,7,0,0
BRDA:48,7,1,0
BRDA:49,8,0,0
BRDA:49,8,1,0
BRDA:50,9,0,0
BRDA:50,9,1,0
BRDA:55,10,0,0
BRDA:55,10,1,0
BRDA:57,11,0,0
BRDA:57,11,1,0
BRDA:63,12,0,0
BRDA:63,12,1,0
BRDA:71,13,0,0
BRDA:71,13,1,0
BRDA:72,14,0,0
BRDA:72,14,1,0
BRDA:73,15,0,0
BRDA:73,15,1,0
BRDA:83,16,0,0
BRDA:159,17,0,0
BRDA:159,17,1,0
BRDA:213,18,0,0
BRDA:213,18,1,0
BRF:35
BRH:5
end_of_record
TN:
SF:src/utils/certificateParser.js
FN:3,parseCertificate
FN:64,calculateStatus
FNF:2
FNH:0
FNDA:0,parseCertificate
FNDA:0,calculateStatus
DA:4,0
DA:6,0
DA:7,0
DA:9,0
DA:13,0
DA:16,0
DA:19,0
DA:30,0
DA:31,0
DA:33,0
DA:34,0
DA:35,0
DA:38,0
DA:40,0
DA:41,0
DA:42,0
DA:43,0
DA:48,0
DA:59,0
DA:60,0
DA:65,0
DA:66,0
DA:67,0
DA:68,0
DA:69,0
DA:70,0
DA:71,0
DA:72,0
DA:74,0
LF:29
LH:0
BRDA:3,0,0,0
BRDA:7,1,0,0
BRDA:7,1,1,0
BRDA:31,2,0,0
BRDA:31,2,1,0
BRDA:31,3,0,0
BRDA:31,3,1,0
BRDA:34,4,0,0
BRDA:34,4,1,0
BRDA:34,5,0,0
BRDA:34,5,1,0
BRDA:38,6,0,0
BRDA:38,6,1,0
BRDA:38,7,0,0
BRDA:38,7,1,0
BRDA:40,8,0,0
BRDA:40,8,1,0
BRDA:42,9,0,0
BRDA:42,9,1,0
BRDA:42,10,0,0
BRDA:42,10,1,0
BRDA:49,11,0,0
BRDA:49,11,1,0
BRDA:50,12,0,0
BRDA:50,12,1,0
BRDA:51,13,0,0
BRDA:51,13,1,0
BRDA:51,13,2,0
BRDA:52,14,0,0
BRDA:52,14,1,0
BRDA:52,15,0,0
BRDA:52,15,1,0
BRDA:53,16,0,0
BRDA:53,16,1,0
BRDA:53,17,0,0
BRDA:53,17,1,0
BRDA:54,18,0,0
BRDA:54,18,1,0
BRDA:65,19,0,0
BRDA:65,19,1,0
BRDA:69,20,0,0
BRDA:69,20,1,0
BRDA:71,21,0,0
BRDA:71,21,1,0
BRF:44
BRH:0
end_of_record
